Qflow DRC logfile created on Вс май 23 01:47:07 MSK 2021
magic -dnull -noconsole  /home/dos/MIPS_simple/layout/run_drc_sm_cpu.tcl

Magic 8.3 revision 164 - Compiled on Пн май 17 19:09:53 MSK 2021.
Starting magic under Tcl interpreter
Using the terminal as the console.
Using NULL graphics device.
Processing system .magicrc file
Input style lambda=0.10(p): scaleFactor=10, multiplier=1
Contact size value ignored (using GDS generation rules).
Contact size value ignored (using GDS generation rules).
Contact size value ignored (using GDS generation rules).
Contact size value ignored (using GDS generation rules).
Contact size value ignored (using GDS generation rules).
Contact size value ignored (using GDS generation rules).
Loading "/home/dos/MIPS_simple/layout/run_drc_sm_cpu.tcl" from command line.
Reading LEF data from file /usr/local/share/qflow/tech/osu018/osu018_stdcells.lef.
This action cannot be undone.
LEF read, Line 16 (Message): Unknown keyword "OBS" in LEF file; ignoring.
LEF read, Line 17 (Message): Unknown keyword "PIN" in LEF file; ignoring.
LEF read: Processed 2941 lines.
sm_cpu: 10000 rects
sm_cpu: 20000 rects
sm_cpu: 30000 rects
sm_cpu: 40000 rects
sm_cpu: 50000 rects
sm_cpu: 60000 rects
sm_cpu: 70000 rects
sm_cpu: 80000 rects
sm_cpu: 90000 rects
sm_cpu: 100000 rects
sm_cpu: 110000 rects
sm_cpu: 120000 rects
sm_cpu: 130000 rects
sm_cpu: 140000 rects
sm_cpu: 150000 rects
sm_cpu: 160000 rects
sm_cpu: 170000 rects
sm_cpu: 180000 rects
sm_cpu: 190000 rects
sm_cpu: 200000 rects
sm_cpu: 210000 rects
Processing timestamp mismatches: FILL, BUFX4, DFFSR, OAI21X1, BUFX2, NAND3X1, NAND2X1, AND2X2, INVX2, NOR3X1, CLKBUF1, DFFPOSX1, AOI21X1, NOR2X1, INVX4, INVX1, XNOR2X1, XOR2X1, OR2X2, OAI22X1, MUX2X1, AOI22X1, INVX8.
drc = 0
DRC checking script ended on Вс май 23 01:47:40 MSK 2021
