Qflow migration logfile created on Вс май 23 01:40:49 MSK 2021
magic -dnull -noconsole  migrate_sm_cpu.tcl

Magic 8.3 revision 164 - Compiled on Пн май 17 19:09:53 MSK 2021.
Starting magic under Tcl interpreter
Using the terminal as the console.
Using NULL graphics device.
Processing system .magicrc file
Input style lambda=0.10(p): scaleFactor=10, multiplier=1
Contact size value ignored (using GDS generation rules).
Contact size value ignored (using GDS generation rules).
Contact size value ignored (using GDS generation rules).
Contact size value ignored (using GDS generation rules).
Contact size value ignored (using GDS generation rules).
Contact size value ignored (using GDS generation rules).
Loading "migrate_sm_cpu.tcl" from command line.
Root cell box:
           width x height  (   llx,  lly  ), (   urx,  ury  )

microns:    0.00 x 0.00    (  0.00,  0.00 ), (  0.00,  0.00 )
lambda:        0 x 0       (     0,  0    ), (     0,  0    )
Reading LEF data from file /usr/local/share/qflow/tech/osu018/osu018_stdcells.lef.
This action cannot be undone.
LEF read, Line 16 (Message): Unknown keyword "OBS" in LEF file; ignoring.
LEF read, Line 17 (Message): Unknown keyword "PIN" in LEF file; ignoring.
LEF read: Processed 2941 lines.
Reading DEF data from file sm_cpu.def.
This action cannot be undone.
  Processed 5 vias total.
  Processed 135089 subcell instances total.
  Processed 105 pins total.
  Processed 10890 nets total.
DEF read, Line 295896 (Warning): Number of nets read (1981) does not match the number declared (1982).
DEF read: Processed 295897 lines.
DEF Read: encountered 1 warning total.
Generating LEF output sm_cpu.lef for cell sm_cpu:
Diagnostic:  Write LEF header for cell sm_cpu
Diagnostic:  Writing LEF output for cell sm_cpu
Diagnostic:  Scale value is 0.100000
Extracting BUFX2 into BUFX2.ext:
Extracting DFFSR into DFFSR.ext:
Extracting INVX4 into INVX4.ext:
Extracting OAI22X1 into OAI22X1.ext:
Extracting MUX2X1 into MUX2X1.ext:
Extracting AND2X2 into AND2X2.ext:
Extracting AOI22X1 into AOI22X1.ext:
Extracting OR2X2 into OR2X2.ext:
Extracting INVX8 into INVX8.ext:
Extracting INVX2 into INVX2.ext:
Extracting NOR3X1 into NOR3X1.ext:
Extracting BUFX4 into BUFX4.ext:
Extracting DFFPOSX1 into DFFPOSX1.ext:
Extracting CLKBUF1 into CLKBUF1.ext:
Extracting NAND3X1 into NAND3X1.ext:
Extracting NOR2X1 into NOR2X1.ext:
Extracting AOI21X1 into AOI21X1.ext:
Extracting INVX1 into INVX1.ext:
Extracting OAI21X1 into OAI21X1.ext:
Extracting NAND2X1 into NAND2X1.ext:
Extracting XOR2X1 into XOR2X1.ext:
Extracting XNOR2X1 into XNOR2X1.ext:
Extracting FILL into FILL.ext:
Extracting sm_cpu into sm_cpu.ext:
exttospice finished.
Migration script ended on Вс май 23 01:47:06 MSK 2021
