Qflow static timing analysis logfile created on Сб май 22 23:06:31 MSK 2021
Running vesta static timing analysis
vesta --long sm_cpu.rtlnopwr.v /usr/local/share/qflow/tech/osu018/osu018_stdcells.lib
----------------------------------------------
Vesta static timing analysis tool
for qflow 1.3.18
(c) 2013-2018 Tim Edwards, Open Circuit Design
----------------------------------------------

Parsing library "osu018_stdcells"
End of library at line 6141
Parsing module "sm_cpu"
Lib read /usr/local/share/qflow/tech/osu018/osu018_stdcells.lib:  Processed 6142 lines.
Verilog netlist read:  Processed 10864 lines.
Number of paths analyzed:  1120

Top 20 maximum delay paths:
Path DFFPOSX1_905/CLK to DFFSR_30/D delay 4503.2 ps
      0.0 ps    clk_bF_buf44:   CLKBUF1_59/Y -> DFFPOSX1_905/CLK
    224.0 ps    rf_rf_14__8_: DFFPOSX1_905/Q ->    INVX1_137/A
    318.7 ps          _5974_:    INVX1_137/Y ->  OAI21X1_445/A
    414.5 ps          _5975_:  OAI21X1_445/Y ->  OAI21X1_446/B
    505.2 ps          _5979_:  OAI21X1_446/Y ->  AOI21X1_780/A
    598.0 ps          _5980_:  AOI21X1_780/Y ->  OAI21X1_447/B
    687.5 ps          _5990_:  OAI21X1_447/Y ->  AOI21X1_782/B
    765.4 ps          rd2_8_:  AOI21X1_782/Y ->   NOR2X1_760/B
    828.7 ps           _509_:   NOR2X1_760/Y -> AOI21X1_1657/C
   1081.3 ps     alu_srcB_8_: AOI21X1_1657/Y ->    INVX1_272/A
   1223.7 ps           _807_:    INVX1_272/Y -> NAND2X1_1181/B
   1361.9 ps           _808_: NAND2X1_1181/Y ->    INVX1_273/A
   1472.2 ps           _809_:    INVX1_273/Y -> AOI21X1_1669/B
   1586.6 ps           _810_: AOI21X1_1669/Y -> OAI21X1_1447/A
   1746.0 ps           _817_: OAI21X1_1447/Y -> AOI21X1_1673/B
   1896.4 ps           _830_: AOI21X1_1673/Y -> OAI21X1_1449/C
   2144.0 ps           _831_: OAI21X1_1449/Y -> AOI21X1_1792/B
   2318.6 ps           _624_: AOI21X1_1792/Y -> OAI21X1_1695/A
   2517.4 ps           _674_: OAI21X1_1695/Y -> AOI21X1_1804/B
   2608.3 ps           _675_: AOI21X1_1804/Y -> OAI21X1_1696/C
   2685.0 ps           _676_: OAI21X1_1696/Y ->  NAND3X1_201/C
   3174.8 ps  alu_result_28_:  NAND3X1_201/Y ->    NOR3X1_26/B
   3301.0 ps           _734_:    NOR3X1_26/Y ->  NAND3X1_206/B
   3427.7 ps           _736_:  NAND3X1_206/Y ->    NOR3X1_31/C
   3529.7 ps        alu_zero:    NOR3X1_31/Y -> NAND2X1_1048/A
   3614.1 ps          _8146_: NAND2X1_1048/Y -> OAI21X1_1323/C
   3801.7 ps           pcSrc: OAI21X1_1323/Y ->    BUFX4_680/A
   4004.9 ps   pcSrc_bF_buf4:    BUFX4_680/Y ->     INVX8_51/A
   4110.7 ps            _76_:     INVX8_51/Y ->     OR2X2_16/B
   4231.0 ps           _104_:     OR2X2_16/Y ->    OAI22X1_2/C
   4297.8 ps       pc_new_8_:    OAI22X1_2/Y ->     DFFSR_30/D

   clock skew at destination = 110.473
   setup at destination = 94.8804

Path DFFPOSX1_905/CLK to DFFSR_8/D delay 4459.45 ps
      0.0 ps    clk_bF_buf44:   CLKBUF1_59/Y -> DFFPOSX1_905/CLK
    224.0 ps    rf_rf_14__8_: DFFPOSX1_905/Q ->    INVX1_137/A
    318.7 ps          _5974_:    INVX1_137/Y ->  OAI21X1_445/A
    414.5 ps          _5975_:  OAI21X1_445/Y ->  OAI21X1_446/B
    505.2 ps          _5979_:  OAI21X1_446/Y ->  AOI21X1_780/A
    598.0 ps          _5980_:  AOI21X1_780/Y ->  OAI21X1_447/B
    687.5 ps          _5990_:  OAI21X1_447/Y ->  AOI21X1_782/B
    765.4 ps          rd2_8_:  AOI21X1_782/Y ->   NOR2X1_760/B
    828.7 ps           _509_:   NOR2X1_760/Y -> AOI21X1_1657/C
   1081.3 ps     alu_srcB_8_: AOI21X1_1657/Y ->    INVX1_272/A
   1223.7 ps           _807_:    INVX1_272/Y -> NAND2X1_1181/B
   1361.9 ps           _808_: NAND2X1_1181/Y ->    INVX1_273/A
   1472.2 ps           _809_:    INVX1_273/Y -> AOI21X1_1669/B
   1586.6 ps           _810_: AOI21X1_1669/Y -> OAI21X1_1447/A
   1746.0 ps           _817_: OAI21X1_1447/Y -> AOI21X1_1673/B
   1896.4 ps           _830_: AOI21X1_1673/Y -> OAI21X1_1449/C
   2144.0 ps           _831_: OAI21X1_1449/Y -> AOI21X1_1792/B
   2318.6 ps           _624_: AOI21X1_1792/Y -> OAI21X1_1695/A
   2517.4 ps           _674_: OAI21X1_1695/Y -> AOI21X1_1804/B
   2608.3 ps           _675_: AOI21X1_1804/Y -> OAI21X1_1696/C
   2685.0 ps           _676_: OAI21X1_1696/Y ->  NAND3X1_201/C
   3174.8 ps  alu_result_28_:  NAND3X1_201/Y ->    NOR3X1_26/B
   3301.0 ps           _734_:    NOR3X1_26/Y ->  NAND3X1_206/B
   3427.7 ps           _736_:  NAND3X1_206/Y ->    NOR3X1_31/C
   3529.7 ps        alu_zero:    NOR3X1_31/Y -> NAND2X1_1048/A
   3614.1 ps          _8146_: NAND2X1_1048/Y -> OAI21X1_1323/C
   3801.7 ps           pcSrc: OAI21X1_1323/Y ->    BUFX4_680/A
   4004.9 ps   pcSrc_bF_buf4:    BUFX4_680/Y ->     INVX8_51/A
   4110.7 ps            _76_:     INVX8_51/Y ->     OR2X2_21/B
   4231.0 ps           _259_:     OR2X2_21/Y ->    OAI22X1_7/C
   4297.8 ps      pc_new_18_:    OAI22X1_7/Y ->      DFFSR_8/D

   clock skew at destination = 53.9125
   setup at destination = 107.692

Path DFFPOSX1_905/CLK to DFFSR_29/D delay 4451.24 ps
      0.0 ps    clk_bF_buf44:   CLKBUF1_59/Y -> DFFPOSX1_905/CLK
    224.0 ps    rf_rf_14__8_: DFFPOSX1_905/Q ->    INVX1_137/A
    318.7 ps          _5974_:    INVX1_137/Y ->  OAI21X1_445/A
    414.5 ps          _5975_:  OAI21X1_445/Y ->  OAI21X1_446/B
    505.2 ps          _5979_:  OAI21X1_446/Y ->  AOI21X1_780/A
    598.0 ps          _5980_:  AOI21X1_780/Y ->  OAI21X1_447/B
    687.5 ps          _5990_:  OAI21X1_447/Y ->  AOI21X1_782/B
    765.4 ps          rd2_8_:  AOI21X1_782/Y ->   NOR2X1_760/B
    828.7 ps           _509_:   NOR2X1_760/Y -> AOI21X1_1657/C
   1081.3 ps     alu_srcB_8_: AOI21X1_1657/Y ->    INVX1_272/A
   1223.7 ps           _807_:    INVX1_272/Y -> NAND2X1_1181/B
   1361.9 ps           _808_: NAND2X1_1181/Y ->    INVX1_273/A
   1472.2 ps           _809_:    INVX1_273/Y -> AOI21X1_1669/B
   1586.6 ps           _810_: AOI21X1_1669/Y -> OAI21X1_1447/A
   1746.0 ps           _817_: OAI21X1_1447/Y -> AOI21X1_1673/B
   1896.4 ps           _830_: AOI21X1_1673/Y -> OAI21X1_1449/C
   2144.0 ps           _831_: OAI21X1_1449/Y -> AOI21X1_1792/B
   2318.6 ps           _624_: AOI21X1_1792/Y -> OAI21X1_1695/A
   2517.4 ps           _674_: OAI21X1_1695/Y -> AOI21X1_1804/B
   2608.3 ps           _675_: AOI21X1_1804/Y -> OAI21X1_1696/C
   2685.0 ps           _676_: OAI21X1_1696/Y ->  NAND3X1_201/C
   3174.8 ps  alu_result_28_:  NAND3X1_201/Y ->    NOR3X1_26/B
   3301.0 ps           _734_:    NOR3X1_26/Y ->  NAND3X1_206/B
   3427.7 ps           _736_:  NAND3X1_206/Y ->    NOR3X1_31/C
   3529.7 ps        alu_zero:    NOR3X1_31/Y -> NAND2X1_1048/A
   3614.1 ps          _8146_: NAND2X1_1048/Y -> OAI21X1_1323/C
   3801.7 ps           pcSrc: OAI21X1_1323/Y ->    BUFX4_680/A
   4004.9 ps   pcSrc_bF_buf4:    BUFX4_680/Y ->     INVX8_51/A
   4110.7 ps            _76_:     INVX8_51/Y -> NAND2X1_1078/A
   4191.2 ps            _82_: NAND2X1_1078/Y -> OAI21X1_1343/C
   4248.9 ps       pc_new_7_: OAI21X1_1343/Y ->     DFFSR_29/D

   clock skew at destination = 110.473
   setup at destination = 91.8274

Path DFFPOSX1_905/CLK to DFFSR_31/D delay 4451.24 ps
      0.0 ps    clk_bF_buf44:   CLKBUF1_59/Y -> DFFPOSX1_905/CLK
    224.0 ps    rf_rf_14__8_: DFFPOSX1_905/Q ->    INVX1_137/A
    318.7 ps          _5974_:    INVX1_137/Y ->  OAI21X1_445/A
    414.5 ps          _5975_:  OAI21X1_445/Y ->  OAI21X1_446/B
    505.2 ps          _5979_:  OAI21X1_446/Y ->  AOI21X1_780/A
    598.0 ps          _5980_:  AOI21X1_780/Y ->  OAI21X1_447/B
    687.5 ps          _5990_:  OAI21X1_447/Y ->  AOI21X1_782/B
    765.4 ps          rd2_8_:  AOI21X1_782/Y ->   NOR2X1_760/B
    828.7 ps           _509_:   NOR2X1_760/Y -> AOI21X1_1657/C
   1081.3 ps     alu_srcB_8_: AOI21X1_1657/Y ->    INVX1_272/A
   1223.7 ps           _807_:    INVX1_272/Y -> NAND2X1_1181/B
   1361.9 ps           _808_: NAND2X1_1181/Y ->    INVX1_273/A
   1472.2 ps           _809_:    INVX1_273/Y -> AOI21X1_1669/B
   1586.6 ps           _810_: AOI21X1_1669/Y -> OAI21X1_1447/A
   1746.0 ps           _817_: OAI21X1_1447/Y -> AOI21X1_1673/B
   1896.4 ps           _830_: AOI21X1_1673/Y -> OAI21X1_1449/C
   2144.0 ps           _831_: OAI21X1_1449/Y -> AOI21X1_1792/B
   2318.6 ps           _624_: AOI21X1_1792/Y -> OAI21X1_1695/A
   2517.4 ps           _674_: OAI21X1_1695/Y -> AOI21X1_1804/B
   2608.3 ps           _675_: AOI21X1_1804/Y -> OAI21X1_1696/C
   2685.0 ps           _676_: OAI21X1_1696/Y ->  NAND3X1_201/C
   3174.8 ps  alu_result_28_:  NAND3X1_201/Y ->    NOR3X1_26/B
   3301.0 ps           _734_:    NOR3X1_26/Y ->  NAND3X1_206/B
   3427.7 ps           _736_:  NAND3X1_206/Y ->    NOR3X1_31/C
   3529.7 ps        alu_zero:    NOR3X1_31/Y -> NAND2X1_1048/A
   3614.1 ps          _8146_: NAND2X1_1048/Y -> OAI21X1_1323/C
   3801.7 ps           pcSrc: OAI21X1_1323/Y ->    BUFX4_680/A
   4004.9 ps   pcSrc_bF_buf4:    BUFX4_680/Y ->     INVX8_51/A
   4110.7 ps            _76_:     INVX8_51/Y -> NAND2X1_1086/A
   4191.2 ps           _120_: NAND2X1_1086/Y -> OAI21X1_1346/C
   4248.9 ps       pc_new_9_: OAI21X1_1346/Y ->     DFFSR_31/D

   clock skew at destination = 110.473
   setup at destination = 91.8274

Path DFFPOSX1_905/CLK to DFFSR_21/D delay 4450.43 ps
      0.0 ps    clk_bF_buf44:   CLKBUF1_59/Y -> DFFPOSX1_905/CLK
    224.0 ps    rf_rf_14__8_: DFFPOSX1_905/Q ->    INVX1_137/A
    318.7 ps          _5974_:    INVX1_137/Y ->  OAI21X1_445/A
    414.5 ps          _5975_:  OAI21X1_445/Y ->  OAI21X1_446/B
    505.2 ps          _5979_:  OAI21X1_446/Y ->  AOI21X1_780/A
    598.0 ps          _5980_:  AOI21X1_780/Y ->  OAI21X1_447/B
    687.5 ps          _5990_:  OAI21X1_447/Y ->  AOI21X1_782/B
    765.4 ps          rd2_8_:  AOI21X1_782/Y ->   NOR2X1_760/B
    828.7 ps           _509_:   NOR2X1_760/Y -> AOI21X1_1657/C
   1081.3 ps     alu_srcB_8_: AOI21X1_1657/Y ->    INVX1_272/A
   1223.7 ps           _807_:    INVX1_272/Y -> NAND2X1_1181/B
   1361.9 ps           _808_: NAND2X1_1181/Y ->    INVX1_273/A
   1472.2 ps           _809_:    INVX1_273/Y -> AOI21X1_1669/B
   1586.6 ps           _810_: AOI21X1_1669/Y -> OAI21X1_1447/A
   1746.0 ps           _817_: OAI21X1_1447/Y -> AOI21X1_1673/B
   1896.4 ps           _830_: AOI21X1_1673/Y -> OAI21X1_1449/C
   2144.0 ps           _831_: OAI21X1_1449/Y -> AOI21X1_1792/B
   2318.6 ps           _624_: AOI21X1_1792/Y -> OAI21X1_1695/A
   2517.4 ps           _674_: OAI21X1_1695/Y -> AOI21X1_1804/B
   2608.3 ps           _675_: AOI21X1_1804/Y -> OAI21X1_1696/C
   2685.0 ps           _676_: OAI21X1_1696/Y ->  NAND3X1_201/C
   3174.8 ps  alu_result_28_:  NAND3X1_201/Y ->    NOR3X1_26/B
   3301.0 ps           _734_:    NOR3X1_26/Y ->  NAND3X1_206/B
   3427.7 ps           _736_:  NAND3X1_206/Y ->    NOR3X1_31/C
   3529.7 ps        alu_zero:    NOR3X1_31/Y -> NAND2X1_1048/A
   3614.1 ps          _8146_: NAND2X1_1048/Y -> OAI21X1_1323/C
   3801.7 ps           pcSrc: OAI21X1_1323/Y ->    BUFX4_680/A
   4004.9 ps   pcSrc_bF_buf4:    BUFX4_680/Y ->     INVX8_51/A
   4110.7 ps            _76_:     INVX8_51/Y -> NAND2X1_1169/A
   4190.5 ps           _438_: NAND2X1_1169/Y -> NAND2X1_1170/A
   4254.3 ps      pc_new_31_: NAND2X1_1170/Y ->     DFFSR_21/D

   clock skew at destination = 106.423
   setup at destination = 89.7452

Path DFFPOSX1_905/CLK to DFFSR_9/D delay 4448.2 ps
      0.0 ps    clk_bF_buf44:   CLKBUF1_59/Y -> DFFPOSX1_905/CLK
    224.0 ps    rf_rf_14__8_: DFFPOSX1_905/Q ->    INVX1_137/A
    318.7 ps          _5974_:    INVX1_137/Y ->  OAI21X1_445/A
    414.5 ps          _5975_:  OAI21X1_445/Y ->  OAI21X1_446/B
    505.2 ps          _5979_:  OAI21X1_446/Y ->  AOI21X1_780/A
    598.0 ps          _5980_:  AOI21X1_780/Y ->  OAI21X1_447/B
    687.5 ps          _5990_:  OAI21X1_447/Y ->  AOI21X1_782/B
    765.4 ps          rd2_8_:  AOI21X1_782/Y ->   NOR2X1_760/B
    828.7 ps           _509_:   NOR2X1_760/Y -> AOI21X1_1657/C
   1081.3 ps     alu_srcB_8_: AOI21X1_1657/Y ->    INVX1_272/A
   1223.7 ps           _807_:    INVX1_272/Y -> NAND2X1_1181/B
   1361.9 ps           _808_: NAND2X1_1181/Y ->    INVX1_273/A
   1472.2 ps           _809_:    INVX1_273/Y -> AOI21X1_1669/B
   1586.6 ps           _810_: AOI21X1_1669/Y -> OAI21X1_1447/A
   1746.0 ps           _817_: OAI21X1_1447/Y -> AOI21X1_1673/B
   1896.4 ps           _830_: AOI21X1_1673/Y -> OAI21X1_1449/C
   2144.0 ps           _831_: OAI21X1_1449/Y -> AOI21X1_1792/B
   2318.6 ps           _624_: AOI21X1_1792/Y -> OAI21X1_1695/A
   2517.4 ps           _674_: OAI21X1_1695/Y -> AOI21X1_1804/B
   2608.3 ps           _675_: AOI21X1_1804/Y -> OAI21X1_1696/C
   2685.0 ps           _676_: OAI21X1_1696/Y ->  NAND3X1_201/C
   3174.8 ps  alu_result_28_:  NAND3X1_201/Y ->    NOR3X1_26/B
   3301.0 ps           _734_:    NOR3X1_26/Y ->  NAND3X1_206/B
   3427.7 ps           _736_:  NAND3X1_206/Y ->    NOR3X1_31/C
   3529.7 ps        alu_zero:    NOR3X1_31/Y -> NAND2X1_1048/A
   3614.1 ps          _8146_: NAND2X1_1048/Y -> OAI21X1_1323/C
   3801.7 ps           pcSrc: OAI21X1_1323/Y ->    BUFX4_680/A
   4004.9 ps   pcSrc_bF_buf4:    BUFX4_680/Y ->     INVX8_51/A
   4110.7 ps            _76_:     INVX8_51/Y -> NAND2X1_1125/A
   4191.2 ps           _270_: NAND2X1_1125/Y -> OAI21X1_1378/C
   4248.9 ps      pc_new_19_: OAI21X1_1378/Y ->      DFFSR_9/D

   clock skew at destination = 106.423
   setup at destination = 92.8309

Path DFFPOSX1_905/CLK to DFFSR_13/D delay 4448.2 ps
      0.0 ps    clk_bF_buf44:   CLKBUF1_59/Y -> DFFPOSX1_905/CLK
    224.0 ps    rf_rf_14__8_: DFFPOSX1_905/Q ->    INVX1_137/A
    318.7 ps          _5974_:    INVX1_137/Y ->  OAI21X1_445/A
    414.5 ps          _5975_:  OAI21X1_445/Y ->  OAI21X1_446/B
    505.2 ps          _5979_:  OAI21X1_446/Y ->  AOI21X1_780/A
    598.0 ps          _5980_:  AOI21X1_780/Y ->  OAI21X1_447/B
    687.5 ps          _5990_:  OAI21X1_447/Y ->  AOI21X1_782/B
    765.4 ps          rd2_8_:  AOI21X1_782/Y ->   NOR2X1_760/B
    828.7 ps           _509_:   NOR2X1_760/Y -> AOI21X1_1657/C
   1081.3 ps     alu_srcB_8_: AOI21X1_1657/Y ->    INVX1_272/A
   1223.7 ps           _807_:    INVX1_272/Y -> NAND2X1_1181/B
   1361.9 ps           _808_: NAND2X1_1181/Y ->    INVX1_273/A
   1472.2 ps           _809_:    INVX1_273/Y -> AOI21X1_1669/B
   1586.6 ps           _810_: AOI21X1_1669/Y -> OAI21X1_1447/A
   1746.0 ps           _817_: OAI21X1_1447/Y -> AOI21X1_1673/B
   1896.4 ps           _830_: AOI21X1_1673/Y -> OAI21X1_1449/C
   2144.0 ps           _831_: OAI21X1_1449/Y -> AOI21X1_1792/B
   2318.6 ps           _624_: AOI21X1_1792/Y -> OAI21X1_1695/A
   2517.4 ps           _674_: OAI21X1_1695/Y -> AOI21X1_1804/B
   2608.3 ps           _675_: AOI21X1_1804/Y -> OAI21X1_1696/C
   2685.0 ps           _676_: OAI21X1_1696/Y ->  NAND3X1_201/C
   3174.8 ps  alu_result_28_:  NAND3X1_201/Y ->    NOR3X1_26/B
   3301.0 ps           _734_:    NOR3X1_26/Y ->  NAND3X1_206/B
   3427.7 ps           _736_:  NAND3X1_206/Y ->    NOR3X1_31/C
   3529.7 ps        alu_zero:    NOR3X1_31/Y -> NAND2X1_1048/A
   3614.1 ps          _8146_: NAND2X1_1048/Y -> OAI21X1_1323/C
   3801.7 ps           pcSrc: OAI21X1_1323/Y ->    BUFX4_680/A
   4004.9 ps   pcSrc_bF_buf4:    BUFX4_680/Y ->     INVX8_51/A
   4110.7 ps            _76_:     INVX8_51/Y -> NAND2X1_1146/A
   4191.2 ps           _328_: NAND2X1_1146/Y -> OAI21X1_1390/C
   4248.9 ps      pc_new_23_: OAI21X1_1390/Y ->     DFFSR_13/D

   clock skew at destination = 106.423
   setup at destination = 92.8309

Path DFFPOSX1_905/CLK to DFFSR_19/D delay 4448.2 ps
      0.0 ps    clk_bF_buf44:   CLKBUF1_59/Y -> DFFPOSX1_905/CLK
    224.0 ps    rf_rf_14__8_: DFFPOSX1_905/Q ->    INVX1_137/A
    318.7 ps          _5974_:    INVX1_137/Y ->  OAI21X1_445/A
    414.5 ps          _5975_:  OAI21X1_445/Y ->  OAI21X1_446/B
    505.2 ps          _5979_:  OAI21X1_446/Y ->  AOI21X1_780/A
    598.0 ps          _5980_:  AOI21X1_780/Y ->  OAI21X1_447/B
    687.5 ps          _5990_:  OAI21X1_447/Y ->  AOI21X1_782/B
    765.4 ps          rd2_8_:  AOI21X1_782/Y ->   NOR2X1_760/B
    828.7 ps           _509_:   NOR2X1_760/Y -> AOI21X1_1657/C
   1081.3 ps     alu_srcB_8_: AOI21X1_1657/Y ->    INVX1_272/A
   1223.7 ps           _807_:    INVX1_272/Y -> NAND2X1_1181/B
   1361.9 ps           _808_: NAND2X1_1181/Y ->    INVX1_273/A
   1472.2 ps           _809_:    INVX1_273/Y -> AOI21X1_1669/B
   1586.6 ps           _810_: AOI21X1_1669/Y -> OAI21X1_1447/A
   1746.0 ps           _817_: OAI21X1_1447/Y -> AOI21X1_1673/B
   1896.4 ps           _830_: AOI21X1_1673/Y -> OAI21X1_1449/C
   2144.0 ps           _831_: OAI21X1_1449/Y -> AOI21X1_1792/B
   2318.6 ps           _624_: AOI21X1_1792/Y -> OAI21X1_1695/A
   2517.4 ps           _674_: OAI21X1_1695/Y -> AOI21X1_1804/B
   2608.3 ps           _675_: AOI21X1_1804/Y -> OAI21X1_1696/C
   2685.0 ps           _676_: OAI21X1_1696/Y ->  NAND3X1_201/C
   3174.8 ps  alu_result_28_:  NAND3X1_201/Y ->    NOR3X1_26/B
   3301.0 ps           _734_:    NOR3X1_26/Y ->  NAND3X1_206/B
   3427.7 ps           _736_:  NAND3X1_206/Y ->    NOR3X1_31/C
   3529.7 ps        alu_zero:    NOR3X1_31/Y -> NAND2X1_1048/A
   3614.1 ps          _8146_: NAND2X1_1048/Y -> OAI21X1_1323/C
   3801.7 ps           pcSrc: OAI21X1_1323/Y ->    BUFX4_680/A
   4004.9 ps   pcSrc_bF_buf4:    BUFX4_680/Y ->     INVX8_51/A
   4110.7 ps            _76_:     INVX8_51/Y -> NAND2X1_1165/A
   4191.2 ps           _424_: NAND2X1_1165/Y -> OAI21X1_1415/C
   4248.9 ps      pc_new_29_: OAI21X1_1415/Y ->     DFFSR_19/D

   clock skew at destination = 106.423
   setup at destination = 92.8309

Path DFFPOSX1_905/CLK to DFFSR_12/D delay 4448.2 ps
      0.0 ps    clk_bF_buf44:   CLKBUF1_59/Y -> DFFPOSX1_905/CLK
    224.0 ps    rf_rf_14__8_: DFFPOSX1_905/Q ->    INVX1_137/A
    318.7 ps          _5974_:    INVX1_137/Y ->  OAI21X1_445/A
    414.5 ps          _5975_:  OAI21X1_445/Y ->  OAI21X1_446/B
    505.2 ps          _5979_:  OAI21X1_446/Y ->  AOI21X1_780/A
    598.0 ps          _5980_:  AOI21X1_780/Y ->  OAI21X1_447/B
    687.5 ps          _5990_:  OAI21X1_447/Y ->  AOI21X1_782/B
    765.4 ps          rd2_8_:  AOI21X1_782/Y ->   NOR2X1_760/B
    828.7 ps           _509_:   NOR2X1_760/Y -> AOI21X1_1657/C
   1081.3 ps     alu_srcB_8_: AOI21X1_1657/Y ->    INVX1_272/A
   1223.7 ps           _807_:    INVX1_272/Y -> NAND2X1_1181/B
   1361.9 ps           _808_: NAND2X1_1181/Y ->    INVX1_273/A
   1472.2 ps           _809_:    INVX1_273/Y -> AOI21X1_1669/B
   1586.6 ps           _810_: AOI21X1_1669/Y -> OAI21X1_1447/A
   1746.0 ps           _817_: OAI21X1_1447/Y -> AOI21X1_1673/B
   1896.4 ps           _830_: AOI21X1_1673/Y -> OAI21X1_1449/C
   2144.0 ps           _831_: OAI21X1_1449/Y -> AOI21X1_1792/B
   2318.6 ps           _624_: AOI21X1_1792/Y -> OAI21X1_1695/A
   2517.4 ps           _674_: OAI21X1_1695/Y -> AOI21X1_1804/B
   2608.3 ps           _675_: AOI21X1_1804/Y -> OAI21X1_1696/C
   2685.0 ps           _676_: OAI21X1_1696/Y ->  NAND3X1_201/C
   3174.8 ps  alu_result_28_:  NAND3X1_201/Y ->    NOR3X1_26/B
   3301.0 ps           _734_:    NOR3X1_26/Y ->  NAND3X1_206/B
   3427.7 ps           _736_:  NAND3X1_206/Y ->    NOR3X1_31/C
   3529.7 ps        alu_zero:    NOR3X1_31/Y -> NAND2X1_1048/A
   3614.1 ps          _8146_: NAND2X1_1048/Y -> OAI21X1_1323/C
   3801.7 ps           pcSrc: OAI21X1_1323/Y ->    BUFX4_680/A
   4004.9 ps   pcSrc_bF_buf4:    BUFX4_680/Y ->     INVX8_51/A
   4110.7 ps            _76_:     INVX8_51/Y -> NAND2X1_1135/A
   4191.2 ps           _303_: NAND2X1_1135/Y -> OAI21X1_1388/C
   4248.9 ps      pc_new_22_: OAI21X1_1388/Y ->     DFFSR_12/D

   clock skew at destination = 106.423
   setup at destination = 92.8309

Path DFFPOSX1_905/CLK to DFFSR_3/D delay 4414.38 ps
      0.0 ps    clk_bF_buf44:   CLKBUF1_59/Y -> DFFPOSX1_905/CLK
    224.0 ps    rf_rf_14__8_: DFFPOSX1_905/Q ->    INVX1_137/A
    318.7 ps          _5974_:    INVX1_137/Y ->  OAI21X1_445/A
    414.5 ps          _5975_:  OAI21X1_445/Y ->  OAI21X1_446/B
    505.2 ps          _5979_:  OAI21X1_446/Y ->  AOI21X1_780/A
    598.0 ps          _5980_:  AOI21X1_780/Y ->  OAI21X1_447/B
    687.5 ps          _5990_:  OAI21X1_447/Y ->  AOI21X1_782/B
    765.4 ps          rd2_8_:  AOI21X1_782/Y ->   NOR2X1_760/B
    828.7 ps           _509_:   NOR2X1_760/Y -> AOI21X1_1657/C
   1081.3 ps     alu_srcB_8_: AOI21X1_1657/Y ->    INVX1_272/A
   1223.7 ps           _807_:    INVX1_272/Y -> NAND2X1_1181/B
   1361.9 ps           _808_: NAND2X1_1181/Y ->    INVX1_273/A
   1472.2 ps           _809_:    INVX1_273/Y -> AOI21X1_1669/B
   1586.6 ps           _810_: AOI21X1_1669/Y -> OAI21X1_1447/A
   1746.0 ps           _817_: OAI21X1_1447/Y -> AOI21X1_1673/B
   1896.4 ps           _830_: AOI21X1_1673/Y -> OAI21X1_1449/C
   2144.0 ps           _831_: OAI21X1_1449/Y -> AOI21X1_1792/B
   2318.6 ps           _624_: AOI21X1_1792/Y -> OAI21X1_1695/A
   2517.4 ps           _674_: OAI21X1_1695/Y -> AOI21X1_1804/B
   2608.3 ps           _675_: AOI21X1_1804/Y -> OAI21X1_1696/C
   2685.0 ps           _676_: OAI21X1_1696/Y ->  NAND3X1_201/C
   3174.8 ps  alu_result_28_:  NAND3X1_201/Y ->    NOR3X1_26/B
   3301.0 ps           _734_:    NOR3X1_26/Y ->  NAND3X1_206/B
   3427.7 ps           _736_:  NAND3X1_206/Y ->    NOR3X1_31/C
   3529.7 ps        alu_zero:    NOR3X1_31/Y -> NAND2X1_1048/A
   3614.1 ps          _8146_: NAND2X1_1048/Y -> OAI21X1_1323/C
   3801.7 ps           pcSrc: OAI21X1_1323/Y ->    BUFX4_680/A
   4004.9 ps   pcSrc_bF_buf4:    BUFX4_680/Y ->     INVX8_51/A
   4110.7 ps            _76_:     INVX8_51/Y -> NAND2X1_1103/A
   4191.2 ps           _187_: NAND2X1_1103/Y -> OAI21X1_1360/C
   4248.9 ps      pc_new_13_: OAI21X1_1360/Y ->      DFFSR_3/D

   clock skew at destination = 61.9926
   setup at destination = 103.444

Path DFFPOSX1_905/CLK to DFFSR_23/D delay 4358.53 ps
      0.0 ps    clk_bF_buf44:   CLKBUF1_59/Y -> DFFPOSX1_905/CLK
    224.0 ps    rf_rf_14__8_: DFFPOSX1_905/Q ->    INVX1_137/A
    318.7 ps          _5974_:    INVX1_137/Y ->  OAI21X1_445/A
    414.5 ps          _5975_:  OAI21X1_445/Y ->  OAI21X1_446/B
    505.2 ps          _5979_:  OAI21X1_446/Y ->  AOI21X1_780/A
    598.0 ps          _5980_:  AOI21X1_780/Y ->  OAI21X1_447/B
    687.5 ps          _5990_:  OAI21X1_447/Y ->  AOI21X1_782/B
    765.4 ps          rd2_8_:  AOI21X1_782/Y ->   NOR2X1_760/B
    828.7 ps           _509_:   NOR2X1_760/Y -> AOI21X1_1657/C
   1081.3 ps     alu_srcB_8_: AOI21X1_1657/Y ->    INVX1_272/A
   1223.7 ps           _807_:    INVX1_272/Y -> NAND2X1_1181/B
   1361.9 ps           _808_: NAND2X1_1181/Y ->    INVX1_273/A
   1472.2 ps           _809_:    INVX1_273/Y -> AOI21X1_1669/B
   1586.6 ps           _810_: AOI21X1_1669/Y -> OAI21X1_1447/A
   1746.0 ps           _817_: OAI21X1_1447/Y -> AOI21X1_1673/B
   1896.4 ps           _830_: AOI21X1_1673/Y -> OAI21X1_1449/C
   2144.0 ps           _831_: OAI21X1_1449/Y -> AOI21X1_1792/B
   2318.6 ps           _624_: AOI21X1_1792/Y -> OAI21X1_1695/A
   2517.4 ps           _674_: OAI21X1_1695/Y -> AOI21X1_1804/B
   2608.3 ps           _675_: AOI21X1_1804/Y -> OAI21X1_1696/C
   2685.0 ps           _676_: OAI21X1_1696/Y ->  NAND3X1_201/C
   3174.8 ps  alu_result_28_:  NAND3X1_201/Y ->    NOR3X1_26/B
   3301.0 ps           _734_:    NOR3X1_26/Y ->  NAND3X1_206/B
   3427.7 ps           _736_:  NAND3X1_206/Y ->    NOR3X1_31/C
   3529.7 ps        alu_zero:    NOR3X1_31/Y -> NAND2X1_1048/A
   3614.1 ps          _8146_: NAND2X1_1048/Y -> OAI21X1_1323/C
   3801.7 ps           pcSrc: OAI21X1_1323/Y ->    BUFX4_679/A
   3983.2 ps   pcSrc_bF_buf5:    BUFX4_679/Y ->  NAND3X1_129/A
   4089.9 ps            _10_:  NAND3X1_129/Y -> OAI21X1_1326/C
   4153.2 ps       pc_new_1_: OAI21X1_1326/Y ->     DFFSR_23/D

   clock skew at destination = 110.473
   setup at destination = 94.8627

Path DFFPOSX1_905/CLK to DFFSR_25/D delay 4358.53 ps
      0.0 ps    clk_bF_buf44:   CLKBUF1_59/Y -> DFFPOSX1_905/CLK
    224.0 ps    rf_rf_14__8_: DFFPOSX1_905/Q ->    INVX1_137/A
    318.7 ps          _5974_:    INVX1_137/Y ->  OAI21X1_445/A
    414.5 ps          _5975_:  OAI21X1_445/Y ->  OAI21X1_446/B
    505.2 ps          _5979_:  OAI21X1_446/Y ->  AOI21X1_780/A
    598.0 ps          _5980_:  AOI21X1_780/Y ->  OAI21X1_447/B
    687.5 ps          _5990_:  OAI21X1_447/Y ->  AOI21X1_782/B
    765.4 ps          rd2_8_:  AOI21X1_782/Y ->   NOR2X1_760/B
    828.7 ps           _509_:   NOR2X1_760/Y -> AOI21X1_1657/C
   1081.3 ps     alu_srcB_8_: AOI21X1_1657/Y ->    INVX1_272/A
   1223.7 ps           _807_:    INVX1_272/Y -> NAND2X1_1181/B
   1361.9 ps           _808_: NAND2X1_1181/Y ->    INVX1_273/A
   1472.2 ps           _809_:    INVX1_273/Y -> AOI21X1_1669/B
   1586.6 ps           _810_: AOI21X1_1669/Y -> OAI21X1_1447/A
   1746.0 ps           _817_: OAI21X1_1447/Y -> AOI21X1_1673/B
   1896.4 ps           _830_: AOI21X1_1673/Y -> OAI21X1_1449/C
   2144.0 ps           _831_: OAI21X1_1449/Y -> AOI21X1_1792/B
   2318.6 ps           _624_: AOI21X1_1792/Y -> OAI21X1_1695/A
   2517.4 ps           _674_: OAI21X1_1695/Y -> AOI21X1_1804/B
   2608.3 ps           _675_: AOI21X1_1804/Y -> OAI21X1_1696/C
   2685.0 ps           _676_: OAI21X1_1696/Y ->  NAND3X1_201/C
   3174.8 ps  alu_result_28_:  NAND3X1_201/Y ->    NOR3X1_26/B
   3301.0 ps           _734_:    NOR3X1_26/Y ->  NAND3X1_206/B
   3427.7 ps           _736_:  NAND3X1_206/Y ->    NOR3X1_31/C
   3529.7 ps        alu_zero:    NOR3X1_31/Y -> NAND2X1_1048/A
   3614.1 ps          _8146_: NAND2X1_1048/Y -> OAI21X1_1323/C
   3801.7 ps           pcSrc: OAI21X1_1323/Y ->    BUFX4_679/A
   3983.2 ps   pcSrc_bF_buf5:    BUFX4_679/Y ->  NAND3X1_130/A
   4089.9 ps            _31_:  NAND3X1_130/Y -> OAI21X1_1331/C
   4153.2 ps       pc_new_3_: OAI21X1_1331/Y ->     DFFSR_25/D

   clock skew at destination = 110.473
   setup at destination = 94.8627

Path DFFPOSX1_905/CLK to DFFSR_11/D delay 4350.97 ps
      0.0 ps    clk_bF_buf44:   CLKBUF1_59/Y -> DFFPOSX1_905/CLK
    224.0 ps    rf_rf_14__8_: DFFPOSX1_905/Q ->    INVX1_137/A
    318.7 ps          _5974_:    INVX1_137/Y ->  OAI21X1_445/A
    414.5 ps          _5975_:  OAI21X1_445/Y ->  OAI21X1_446/B
    505.2 ps          _5979_:  OAI21X1_446/Y ->  AOI21X1_780/A
    598.0 ps          _5980_:  AOI21X1_780/Y ->  OAI21X1_447/B
    687.5 ps          _5990_:  OAI21X1_447/Y ->  AOI21X1_782/B
    765.4 ps          rd2_8_:  AOI21X1_782/Y ->   NOR2X1_760/B
    828.7 ps           _509_:   NOR2X1_760/Y -> AOI21X1_1657/C
   1081.3 ps     alu_srcB_8_: AOI21X1_1657/Y ->    INVX1_272/A
   1223.7 ps           _807_:    INVX1_272/Y -> NAND2X1_1181/B
   1361.9 ps           _808_: NAND2X1_1181/Y ->    INVX1_273/A
   1472.2 ps           _809_:    INVX1_273/Y -> AOI21X1_1669/B
   1586.6 ps           _810_: AOI21X1_1669/Y -> OAI21X1_1447/A
   1746.0 ps           _817_: OAI21X1_1447/Y -> AOI21X1_1673/B
   1896.4 ps           _830_: AOI21X1_1673/Y -> OAI21X1_1449/C
   2144.0 ps           _831_: OAI21X1_1449/Y -> AOI21X1_1792/B
   2318.6 ps           _624_: AOI21X1_1792/Y -> OAI21X1_1695/A
   2517.4 ps           _674_: OAI21X1_1695/Y -> AOI21X1_1804/B
   2608.3 ps           _675_: AOI21X1_1804/Y -> OAI21X1_1696/C
   2685.0 ps           _676_: OAI21X1_1696/Y ->  NAND3X1_201/C
   3174.8 ps  alu_result_28_:  NAND3X1_201/Y ->    NOR3X1_26/B
   3301.0 ps           _734_:    NOR3X1_26/Y ->  NAND3X1_206/B
   3427.7 ps           _736_:  NAND3X1_206/Y ->    NOR3X1_31/C
   3529.7 ps        alu_zero:    NOR3X1_31/Y -> NAND2X1_1048/A
   3614.1 ps          _8146_: NAND2X1_1048/Y -> OAI21X1_1323/C
   3801.7 ps           pcSrc: OAI21X1_1323/Y ->    BUFX4_680/A
   4004.9 ps   pcSrc_bF_buf4:    BUFX4_680/Y -> OAI21X1_1382/C
   4088.4 ps           _296_: OAI21X1_1382/Y -> OAI21X1_1383/C
   4149.8 ps      pc_new_21_: OAI21X1_1383/Y ->     DFFSR_11/D

   clock skew at destination = 106.423
   setup at destination = 94.7818

Path DFFPOSX1_905/CLK to DFFSR_32/D delay 4347.91 ps
      0.0 ps    clk_bF_buf44:   CLKBUF1_59/Y -> DFFPOSX1_905/CLK
    224.0 ps    rf_rf_14__8_: DFFPOSX1_905/Q ->    INVX1_137/A
    318.7 ps          _5974_:    INVX1_137/Y ->  OAI21X1_445/A
    414.5 ps          _5975_:  OAI21X1_445/Y ->  OAI21X1_446/B
    505.2 ps          _5979_:  OAI21X1_446/Y ->  AOI21X1_780/A
    598.0 ps          _5980_:  AOI21X1_780/Y ->  OAI21X1_447/B
    687.5 ps          _5990_:  OAI21X1_447/Y ->  AOI21X1_782/B
    765.4 ps          rd2_8_:  AOI21X1_782/Y ->   NOR2X1_760/B
    828.7 ps           _509_:   NOR2X1_760/Y -> AOI21X1_1657/C
   1081.3 ps     alu_srcB_8_: AOI21X1_1657/Y ->    INVX1_272/A
   1223.7 ps           _807_:    INVX1_272/Y -> NAND2X1_1181/B
   1361.9 ps           _808_: NAND2X1_1181/Y ->    INVX1_273/A
   1472.2 ps           _809_:    INVX1_273/Y -> AOI21X1_1669/B
   1586.6 ps           _810_: AOI21X1_1669/Y -> OAI21X1_1447/A
   1746.0 ps           _817_: OAI21X1_1447/Y -> AOI21X1_1673/B
   1896.4 ps           _830_: AOI21X1_1673/Y -> OAI21X1_1449/C
   2144.0 ps           _831_: OAI21X1_1449/Y -> AOI21X1_1792/B
   2318.6 ps           _624_: AOI21X1_1792/Y -> OAI21X1_1695/A
   2517.4 ps           _674_: OAI21X1_1695/Y -> AOI21X1_1804/B
   2608.3 ps           _675_: AOI21X1_1804/Y -> OAI21X1_1696/C
   2685.0 ps           _676_: OAI21X1_1696/Y ->  NAND3X1_201/C
   3174.8 ps  alu_result_28_:  NAND3X1_201/Y ->    NOR3X1_26/B
   3301.0 ps           _734_:    NOR3X1_26/Y ->  NAND3X1_206/B
   3427.7 ps           _736_:  NAND3X1_206/Y ->    NOR3X1_31/C
   3529.7 ps        alu_zero:    NOR3X1_31/Y -> NAND2X1_1048/A
   3614.1 ps          _8146_: NAND2X1_1048/Y -> OAI21X1_1323/C
   3801.7 ps           pcSrc: OAI21X1_1323/Y ->    BUFX4_682/A
   3982.1 ps   pcSrc_bF_buf2:    BUFX4_682/Y -> OAI21X1_1351/C
   4067.1 ps           _139_: OAI21X1_1351/Y ->    OAI22X1_3/D
   4136.7 ps      pc_new_10_:    OAI22X1_3/Y ->     DFFSR_32/D

   clock skew at destination = 110.473
   setup at destination = 100.746

Path DFFPOSX1_905/CLK to DFFSR_16/D delay 4346.02 ps
      0.0 ps    clk_bF_buf44:   CLKBUF1_59/Y -> DFFPOSX1_905/CLK
    224.0 ps    rf_rf_14__8_: DFFPOSX1_905/Q ->    INVX1_137/A
    318.7 ps          _5974_:    INVX1_137/Y ->  OAI21X1_445/A
    414.5 ps          _5975_:  OAI21X1_445/Y ->  OAI21X1_446/B
    505.2 ps          _5979_:  OAI21X1_446/Y ->  AOI21X1_780/A
    598.0 ps          _5980_:  AOI21X1_780/Y ->  OAI21X1_447/B
    687.5 ps          _5990_:  OAI21X1_447/Y ->  AOI21X1_782/B
    765.4 ps          rd2_8_:  AOI21X1_782/Y ->   NOR2X1_760/B
    828.7 ps           _509_:   NOR2X1_760/Y -> AOI21X1_1657/C
   1081.3 ps     alu_srcB_8_: AOI21X1_1657/Y ->    INVX1_272/A
   1223.7 ps           _807_:    INVX1_272/Y -> NAND2X1_1181/B
   1361.9 ps           _808_: NAND2X1_1181/Y ->    INVX1_273/A
   1472.2 ps           _809_:    INVX1_273/Y -> AOI21X1_1669/B
   1586.6 ps           _810_: AOI21X1_1669/Y -> OAI21X1_1447/A
   1746.0 ps           _817_: OAI21X1_1447/Y -> AOI21X1_1673/B
   1896.4 ps           _830_: AOI21X1_1673/Y -> OAI21X1_1449/C
   2144.0 ps           _831_: OAI21X1_1449/Y -> AOI21X1_1792/B
   2318.6 ps           _624_: AOI21X1_1792/Y -> OAI21X1_1695/A
   2517.4 ps           _674_: OAI21X1_1695/Y -> AOI21X1_1804/B
   2608.3 ps           _675_: AOI21X1_1804/Y -> OAI21X1_1696/C
   2685.0 ps           _676_: OAI21X1_1696/Y ->  NAND3X1_201/C
   3174.8 ps  alu_result_28_:  NAND3X1_201/Y ->    NOR3X1_26/B
   3301.0 ps           _734_:    NOR3X1_26/Y ->  NAND3X1_206/B
   3427.7 ps           _736_:  NAND3X1_206/Y ->    NOR3X1_31/C
   3529.7 ps        alu_zero:    NOR3X1_31/Y -> NAND2X1_1048/A
   3614.1 ps          _8146_: NAND2X1_1048/Y -> OAI21X1_1323/C
   3801.7 ps           pcSrc: OAI21X1_1323/Y ->    BUFX4_681/A
   3981.4 ps   pcSrc_bF_buf3:    BUFX4_681/Y -> NAND2X1_1157/A
   4070.8 ps           _378_: NAND2X1_1157/Y ->   OAI22X1_10/C
   4141.2 ps      pc_new_26_:   OAI22X1_10/Y ->     DFFSR_16/D

   clock skew at destination = 106.423
   setup at destination = 98.4158

Path DFFPOSX1_905/CLK to DFFSR_18/D delay 4342.32 ps
      0.0 ps    clk_bF_buf44:   CLKBUF1_59/Y -> DFFPOSX1_905/CLK
    224.0 ps    rf_rf_14__8_: DFFPOSX1_905/Q ->    INVX1_137/A
    318.7 ps          _5974_:    INVX1_137/Y ->  OAI21X1_445/A
    414.5 ps          _5975_:  OAI21X1_445/Y ->  OAI21X1_446/B
    505.2 ps          _5979_:  OAI21X1_446/Y ->  AOI21X1_780/A
    598.0 ps          _5980_:  AOI21X1_780/Y ->  OAI21X1_447/B
    687.5 ps          _5990_:  OAI21X1_447/Y ->  AOI21X1_782/B
    765.4 ps          rd2_8_:  AOI21X1_782/Y ->   NOR2X1_760/B
    828.7 ps           _509_:   NOR2X1_760/Y -> AOI21X1_1657/C
   1081.3 ps     alu_srcB_8_: AOI21X1_1657/Y ->    INVX1_272/A
   1223.7 ps           _807_:    INVX1_272/Y -> NAND2X1_1181/B
   1361.9 ps           _808_: NAND2X1_1181/Y ->    INVX1_273/A
   1472.2 ps           _809_:    INVX1_273/Y -> AOI21X1_1669/B
   1586.6 ps           _810_: AOI21X1_1669/Y -> OAI21X1_1447/A
   1746.0 ps           _817_: OAI21X1_1447/Y -> AOI21X1_1673/B
   1896.4 ps           _830_: AOI21X1_1673/Y -> OAI21X1_1449/C
   2144.0 ps           _831_: OAI21X1_1449/Y -> AOI21X1_1792/B
   2318.6 ps           _624_: AOI21X1_1792/Y -> OAI21X1_1695/A
   2517.4 ps           _674_: OAI21X1_1695/Y -> AOI21X1_1804/B
   2608.3 ps           _675_: AOI21X1_1804/Y -> OAI21X1_1696/C
   2685.0 ps           _676_: OAI21X1_1696/Y ->  NAND3X1_201/C
   3174.8 ps  alu_result_28_:  NAND3X1_201/Y ->    NOR3X1_26/B
   3301.0 ps           _734_:    NOR3X1_26/Y ->  NAND3X1_206/B
   3427.7 ps           _736_:  NAND3X1_206/Y ->    NOR3X1_31/C
   3529.7 ps        alu_zero:    NOR3X1_31/Y -> NAND2X1_1048/A
   3614.1 ps          _8146_: NAND2X1_1048/Y -> OAI21X1_1323/C
   3801.7 ps           pcSrc: OAI21X1_1323/Y ->    BUFX4_680/A
   4004.9 ps   pcSrc_bF_buf4:    BUFX4_680/Y ->  NAND3X1_158/A
   4122.4 ps           _412_:  NAND3X1_158/Y -> OAI21X1_1412/C
   4186.6 ps      pc_new_28_: OAI21X1_1412/Y ->     DFFSR_18/D

   clock skew at destination = 45.8325
   setup at destination = 109.858

Path DFFPOSX1_905/CLK to DFFSR_10/D delay 4333.64 ps
      0.0 ps    clk_bF_buf44:   CLKBUF1_59/Y -> DFFPOSX1_905/CLK
    224.0 ps    rf_rf_14__8_: DFFPOSX1_905/Q ->    INVX1_137/A
    318.7 ps          _5974_:    INVX1_137/Y ->  OAI21X1_445/A
    414.5 ps          _5975_:  OAI21X1_445/Y ->  OAI21X1_446/B
    505.2 ps          _5979_:  OAI21X1_446/Y ->  AOI21X1_780/A
    598.0 ps          _5980_:  AOI21X1_780/Y ->  OAI21X1_447/B
    687.5 ps          _5990_:  OAI21X1_447/Y ->  AOI21X1_782/B
    765.4 ps          rd2_8_:  AOI21X1_782/Y ->   NOR2X1_760/B
    828.7 ps           _509_:   NOR2X1_760/Y -> AOI21X1_1657/C
   1081.3 ps     alu_srcB_8_: AOI21X1_1657/Y ->    INVX1_272/A
   1223.7 ps           _807_:    INVX1_272/Y -> NAND2X1_1181/B
   1361.9 ps           _808_: NAND2X1_1181/Y ->    INVX1_273/A
   1472.2 ps           _809_:    INVX1_273/Y -> AOI21X1_1669/B
   1586.6 ps           _810_: AOI21X1_1669/Y -> OAI21X1_1447/A
   1746.0 ps           _817_: OAI21X1_1447/Y -> AOI21X1_1673/B
   1896.4 ps           _830_: AOI21X1_1673/Y -> OAI21X1_1449/C
   2144.0 ps           _831_: OAI21X1_1449/Y -> AOI21X1_1792/B
   2318.6 ps           _624_: AOI21X1_1792/Y -> OAI21X1_1695/A
   2517.4 ps           _674_: OAI21X1_1695/Y -> AOI21X1_1804/B
   2608.3 ps           _675_: AOI21X1_1804/Y -> OAI21X1_1696/C
   2685.0 ps           _676_: OAI21X1_1696/Y ->  NAND3X1_201/C
   3174.8 ps  alu_result_28_:  NAND3X1_201/Y ->    NOR3X1_26/B
   3301.0 ps           _734_:    NOR3X1_26/Y ->  NAND3X1_206/B
   3427.7 ps           _736_:  NAND3X1_206/Y ->    NOR3X1_31/C
   3529.7 ps        alu_zero:    NOR3X1_31/Y -> NAND2X1_1048/A
   3614.1 ps          _8146_: NAND2X1_1048/Y -> OAI21X1_1323/C
   3801.7 ps           pcSrc: OAI21X1_1323/Y ->    BUFX4_684/A
   3973.1 ps   pcSrc_bF_buf0:    BUFX4_684/Y -> NAND2X1_1131/A
   4058.9 ps           _287_: NAND2X1_1131/Y ->    OAI22X1_8/C
   4129.0 ps      pc_new_20_:    OAI22X1_8/Y ->     DFFSR_10/D

   clock skew at destination = 106.423
   setup at destination = 98.229

Path DFFPOSX1_905/CLK to DFFSR_14/D delay 4331.04 ps
      0.0 ps    clk_bF_buf44:   CLKBUF1_59/Y -> DFFPOSX1_905/CLK
    224.0 ps    rf_rf_14__8_: DFFPOSX1_905/Q ->    INVX1_137/A
    318.7 ps          _5974_:    INVX1_137/Y ->  OAI21X1_445/A
    414.5 ps          _5975_:  OAI21X1_445/Y ->  OAI21X1_446/B
    505.2 ps          _5979_:  OAI21X1_446/Y ->  AOI21X1_780/A
    598.0 ps          _5980_:  AOI21X1_780/Y ->  OAI21X1_447/B
    687.5 ps          _5990_:  OAI21X1_447/Y ->  AOI21X1_782/B
    765.4 ps          rd2_8_:  AOI21X1_782/Y ->   NOR2X1_760/B
    828.7 ps           _509_:   NOR2X1_760/Y -> AOI21X1_1657/C
   1081.3 ps     alu_srcB_8_: AOI21X1_1657/Y ->    INVX1_272/A
   1223.7 ps           _807_:    INVX1_272/Y -> NAND2X1_1181/B
   1361.9 ps           _808_: NAND2X1_1181/Y ->    INVX1_273/A
   1472.2 ps           _809_:    INVX1_273/Y -> AOI21X1_1669/B
   1586.6 ps           _810_: AOI21X1_1669/Y -> OAI21X1_1447/A
   1746.0 ps           _817_: OAI21X1_1447/Y -> AOI21X1_1673/B
   1896.4 ps           _830_: AOI21X1_1673/Y -> OAI21X1_1449/C
   2144.0 ps           _831_: OAI21X1_1449/Y -> AOI21X1_1792/B
   2318.6 ps           _624_: AOI21X1_1792/Y -> OAI21X1_1695/A
   2517.4 ps           _674_: OAI21X1_1695/Y -> AOI21X1_1804/B
   2608.3 ps           _675_: AOI21X1_1804/Y -> OAI21X1_1696/C
   2685.0 ps           _676_: OAI21X1_1696/Y ->  NAND3X1_201/C
   3174.8 ps  alu_result_28_:  NAND3X1_201/Y ->    NOR3X1_26/B
   3301.0 ps           _734_:    NOR3X1_26/Y ->  NAND3X1_206/B
   3427.7 ps           _736_:  NAND3X1_206/Y ->    NOR3X1_31/C
   3529.7 ps        alu_zero:    NOR3X1_31/Y -> NAND2X1_1048/A
   3614.1 ps          _8146_: NAND2X1_1048/Y -> OAI21X1_1323/C
   3801.7 ps           pcSrc: OAI21X1_1323/Y ->    BUFX4_680/A
   4004.9 ps   pcSrc_bF_buf4:    BUFX4_680/Y -> OAI21X1_1395/C
   4099.8 ps           _353_: OAI21X1_1395/Y ->    OAI22X1_9/D
   4170.8 ps      pc_new_24_:    OAI22X1_9/Y ->     DFFSR_14/D

   clock skew at destination = 45.8325
   setup at destination = 114.381

Path DFFPOSX1_905/CLK to DFFSR_24/D delay 4325.07 ps
      0.0 ps    clk_bF_buf44:   CLKBUF1_59/Y -> DFFPOSX1_905/CLK
    224.0 ps    rf_rf_14__8_: DFFPOSX1_905/Q ->    INVX1_137/A
    318.7 ps          _5974_:    INVX1_137/Y ->  OAI21X1_445/A
    414.5 ps          _5975_:  OAI21X1_445/Y ->  OAI21X1_446/B
    505.2 ps          _5979_:  OAI21X1_446/Y ->  AOI21X1_780/A
    598.0 ps          _5980_:  AOI21X1_780/Y ->  OAI21X1_447/B
    687.5 ps          _5990_:  OAI21X1_447/Y ->  AOI21X1_782/B
    765.4 ps          rd2_8_:  AOI21X1_782/Y ->   NOR2X1_760/B
    828.7 ps           _509_:   NOR2X1_760/Y -> AOI21X1_1657/C
   1081.3 ps     alu_srcB_8_: AOI21X1_1657/Y ->    INVX1_272/A
   1223.7 ps           _807_:    INVX1_272/Y -> NAND2X1_1181/B
   1361.9 ps           _808_: NAND2X1_1181/Y ->    INVX1_273/A
   1472.2 ps           _809_:    INVX1_273/Y -> AOI21X1_1669/B
   1586.6 ps           _810_: AOI21X1_1669/Y -> OAI21X1_1447/A
   1746.0 ps           _817_: OAI21X1_1447/Y -> AOI21X1_1673/B
   1896.4 ps           _830_: AOI21X1_1673/Y -> OAI21X1_1449/C
   2144.0 ps           _831_: OAI21X1_1449/Y -> AOI21X1_1792/B
   2318.6 ps           _624_: AOI21X1_1792/Y -> OAI21X1_1695/A
   2517.4 ps           _674_: OAI21X1_1695/Y -> AOI21X1_1804/B
   2608.3 ps           _675_: AOI21X1_1804/Y -> OAI21X1_1696/C
   2685.0 ps           _676_: OAI21X1_1696/Y ->  NAND3X1_201/C
   3174.8 ps  alu_result_28_:  NAND3X1_201/Y ->    NOR3X1_26/B
   3301.0 ps           _734_:    NOR3X1_26/Y ->  NAND3X1_206/B
   3427.7 ps           _736_:  NAND3X1_206/Y ->    NOR3X1_31/C
   3529.7 ps        alu_zero:    NOR3X1_31/Y -> NAND2X1_1048/A
   3614.1 ps          _8146_: NAND2X1_1048/Y -> OAI21X1_1323/C
   3801.7 ps           pcSrc: OAI21X1_1323/Y ->    BUFX4_679/A
   3983.2 ps   pcSrc_bF_buf5:    BUFX4_679/Y -> NAND2X1_1066/A
   4064.8 ps            _21_: NAND2X1_1066/Y -> OAI21X1_1327/C
   4122.7 ps       pc_new_2_: OAI21X1_1327/Y ->     DFFSR_24/D

   clock skew at destination = 110.473
   setup at destination = 91.9278

Path DFFPOSX1_905/CLK to DFFSR_26/D delay 4318.62 ps
      0.0 ps    clk_bF_buf44:   CLKBUF1_59/Y -> DFFPOSX1_905/CLK
    224.0 ps    rf_rf_14__8_: DFFPOSX1_905/Q ->    INVX1_137/A
    318.7 ps          _5974_:    INVX1_137/Y ->  OAI21X1_445/A
    414.5 ps          _5975_:  OAI21X1_445/Y ->  OAI21X1_446/B
    505.2 ps          _5979_:  OAI21X1_446/Y ->  AOI21X1_780/A
    598.0 ps          _5980_:  AOI21X1_780/Y ->  OAI21X1_447/B
    687.5 ps          _5990_:  OAI21X1_447/Y ->  AOI21X1_782/B
    765.4 ps          rd2_8_:  AOI21X1_782/Y ->   NOR2X1_760/B
    828.7 ps           _509_:   NOR2X1_760/Y -> AOI21X1_1657/C
   1081.3 ps     alu_srcB_8_: AOI21X1_1657/Y ->    INVX1_272/A
   1223.7 ps           _807_:    INVX1_272/Y -> NAND2X1_1181/B
   1361.9 ps           _808_: NAND2X1_1181/Y ->    INVX1_273/A
   1472.2 ps           _809_:    INVX1_273/Y -> AOI21X1_1669/B
   1586.6 ps           _810_: AOI21X1_1669/Y -> OAI21X1_1447/A
   1746.0 ps           _817_: OAI21X1_1447/Y -> AOI21X1_1673/B
   1896.4 ps           _830_: AOI21X1_1673/Y -> OAI21X1_1449/C
   2144.0 ps           _831_: OAI21X1_1449/Y -> AOI21X1_1792/B
   2318.6 ps           _624_: AOI21X1_1792/Y -> OAI21X1_1695/A
   2517.4 ps           _674_: OAI21X1_1695/Y -> AOI21X1_1804/B
   2608.3 ps           _675_: AOI21X1_1804/Y -> OAI21X1_1696/C
   2685.0 ps           _676_: OAI21X1_1696/Y ->  NAND3X1_201/C
   3174.8 ps  alu_result_28_:  NAND3X1_201/Y ->    NOR3X1_26/B
   3301.0 ps           _734_:    NOR3X1_26/Y ->  NAND3X1_206/B
   3427.7 ps           _736_:  NAND3X1_206/Y ->    NOR3X1_31/C
   3529.7 ps        alu_zero:    NOR3X1_31/Y -> NAND2X1_1048/A
   3614.1 ps          _8146_: NAND2X1_1048/Y -> OAI21X1_1323/C
   3801.7 ps           pcSrc: OAI21X1_1323/Y ->    BUFX4_682/A
   3982.1 ps   pcSrc_bF_buf2:    BUFX4_682/Y -> OAI21X1_1332/C
   4056.1 ps            _40_: OAI21X1_1332/Y -> OAI21X1_1333/C
   4115.4 ps       pc_new_4_: OAI21X1_1333/Y ->     DFFSR_26/D

   clock skew at destination = 110.473
   setup at destination = 92.7148

Computed maximum clock frequency (zero margin) = 222.064 MHz
-----------------------------------------

Number of paths analyzed:  1120

Top 20 minimum delay paths:
Path DFFPOSX1_814/CLK to DFFPOSX1_814/D delay 245.768 ps
      0.0 ps  clk_bF_buf42:   CLKBUF1_61/Y -> DFFPOSX1_814/CLK
    146.9 ps  rf_rf_1__13_: DFFPOSX1_814/Q ->  OAI21X1_655/C
    207.1 ps        _7105_:  OAI21X1_655/Y ->  OAI21X1_656/C
    250.2 ps        _1656_:  OAI21X1_656/Y -> DFFPOSX1_814/D

   clock skew at destination = 0
   hold at destination = -4.44019

Path DFFPOSX1_502/CLK to DFFPOSX1_502/D delay 245.768 ps
      0.0 ps   clk_bF_buf14:   CLKBUF1_89/Y -> DFFPOSX1_502/CLK
    146.9 ps  rf_rf_27__21_: DFFPOSX1_502/Q -> OAI21X1_1045/C
    207.1 ps         _7995_: OAI21X1_1045/Y -> OAI21X1_1046/C
    250.2 ps         _2496_: OAI21X1_1046/Y -> DFFPOSX1_502/D

   clock skew at destination = 0
   hold at destination = -4.44019

Path DFFPOSX1_815/CLK to DFFPOSX1_815/D delay 245.768 ps
      0.0 ps  clk_bF_buf23:   CLKBUF1_80/Y -> DFFPOSX1_815/CLK
    146.9 ps  rf_rf_1__14_: DFFPOSX1_815/Q ->  OAI21X1_657/C
    207.1 ps        _7107_:  OAI21X1_657/Y ->  OAI21X1_658/C
    250.2 ps        _1657_:  OAI21X1_658/Y -> DFFPOSX1_815/D

   clock skew at destination = 0
   hold at destination = -4.44019

Path DFFPOSX1_487/CLK to DFFPOSX1_487/D delay 245.768 ps
      0.0 ps   clk_bF_buf1:  CLKBUF1_102/Y -> DFFPOSX1_487/CLK
    146.9 ps  rf_rf_27__6_: DFFPOSX1_487/Q -> OAI21X1_1015/C
    207.1 ps        _7980_: OAI21X1_1015/Y -> OAI21X1_1016/C
    250.2 ps        _2481_: OAI21X1_1016/Y -> DFFPOSX1_487/D

   clock skew at destination = 0
   hold at destination = -4.44019

Path DFFPOSX1_493/CLK to DFFPOSX1_493/D delay 245.768 ps
      0.0 ps   clk_bF_buf24:   CLKBUF1_79/Y -> DFFPOSX1_493/CLK
    146.9 ps  rf_rf_27__12_: DFFPOSX1_493/Q -> OAI21X1_1027/C
    207.1 ps         _7986_: OAI21X1_1027/Y -> OAI21X1_1028/C
    250.2 ps         _2487_: OAI21X1_1028/Y -> DFFPOSX1_493/D

   clock skew at destination = 0
   hold at destination = -4.44019

Path DFFPOSX1_501/CLK to DFFPOSX1_501/D delay 245.768 ps
      0.0 ps   clk_bF_buf61:   CLKBUF1_42/Y -> DFFPOSX1_501/CLK
    146.9 ps  rf_rf_27__20_: DFFPOSX1_501/Q -> OAI21X1_1043/C
    207.1 ps         _7994_: OAI21X1_1043/Y -> OAI21X1_1044/C
    250.2 ps         _2495_: OAI21X1_1044/Y -> DFFPOSX1_501/D

   clock skew at destination = 0
   hold at destination = -4.44019

Path DFFPOSX1_481/CLK to DFFPOSX1_481/D delay 245.768 ps
      0.0 ps  clk_bF_buf83:   CLKBUF1_20/Y -> DFFPOSX1_481/CLK
    146.9 ps  rf_rf_27__0_: DFFPOSX1_481/Q -> OAI21X1_1003/C
    207.1 ps        _7974_: OAI21X1_1003/Y -> OAI21X1_1004/C
    250.2 ps        _2475_: OAI21X1_1004/Y -> DFFPOSX1_481/D

   clock skew at destination = 0
   hold at destination = -4.44019

Path DFFPOSX1_831/CLK to DFFPOSX1_831/D delay 245.768 ps
      0.0 ps  clk_bF_buf24:   CLKBUF1_79/Y -> DFFPOSX1_831/CLK
    146.9 ps  rf_rf_1__30_: DFFPOSX1_831/Q ->  OAI21X1_689/C
    207.1 ps        _7131_:  OAI21X1_689/Y ->  OAI21X1_690/C
    250.2 ps        _1673_:  OAI21X1_690/Y -> DFFPOSX1_831/D

   clock skew at destination = 0
   hold at destination = -4.44019

Path DFFPOSX1_829/CLK to DFFPOSX1_829/D delay 245.768 ps
      0.0 ps  clk_bF_buf91:   CLKBUF1_12/Y -> DFFPOSX1_829/CLK
    146.9 ps  rf_rf_1__28_: DFFPOSX1_829/Q ->  OAI21X1_685/C
    207.1 ps        _7127_:  OAI21X1_685/Y ->  OAI21X1_686/C
    250.2 ps        _1671_:  OAI21X1_686/Y -> DFFPOSX1_829/D

   clock skew at destination = 0
   hold at destination = -4.44019

Path DFFPOSX1_8/CLK to DFFPOSX1_8/D delay 248.209 ps
      0.0 ps  clk_bF_buf44:  CLKBUF1_59/Y ->  DFFPOSX1_8/CLK
    114.8 ps  rf_rf_15__7_:  DFFPOSX1_8/Q ->    INVX2_22/A
    194.6 ps        _2991_:    INVX2_22/Y -> OAI21X1_813/A
    252.0 ps        _2098_: OAI21X1_813/Y ->  DFFPOSX1_8/D

   clock skew at destination = 0
   hold at destination = -3.81216

Path DFFPOSX1_20/CLK to DFFPOSX1_20/D delay 248.209 ps
      0.0 ps   clk_bF_buf81:  CLKBUF1_22/Y -> DFFPOSX1_20/CLK
    114.8 ps  rf_rf_15__19_: DFFPOSX1_20/Q ->    INVX2_42/A
    194.6 ps         _3553_:    INVX2_42/Y -> OAI21X1_823/A
    252.0 ps         _2110_: OAI21X1_823/Y -> DFFPOSX1_20/D

   clock skew at destination = 0
   hold at destination = -3.81216

Path DFFPOSX1_6/CLK to DFFPOSX1_6/D delay 248.209 ps
      0.0 ps  clk_bF_buf63:  CLKBUF1_40/Y ->  DFFPOSX1_6/CLK
    114.8 ps  rf_rf_15__5_:  DFFPOSX1_6/Q ->    INVX2_18/A
    194.6 ps        _2878_:    INVX2_18/Y -> OAI21X1_811/A
    252.0 ps        _2096_: OAI21X1_811/Y ->  DFFPOSX1_6/D

   clock skew at destination = 0
   hold at destination = -3.81216

Path DFFPOSX1_26/CLK to DFFPOSX1_26/D delay 248.209 ps
      0.0 ps   clk_bF_buf38:  CLKBUF1_65/Y -> DFFPOSX1_26/CLK
    114.8 ps  rf_rf_15__25_: DFFPOSX1_26/Q ->    INVX2_58/A
    194.6 ps         _3835_:    INVX2_58/Y -> OAI21X1_829/A
    252.0 ps         _2116_: OAI21X1_829/Y -> DFFPOSX1_26/D

   clock skew at destination = 0
   hold at destination = -3.81216

Path DFFPOSX1_11/CLK to DFFPOSX1_11/D delay 248.209 ps
      0.0 ps   clk_bF_buf62:  CLKBUF1_41/Y -> DFFPOSX1_11/CLK
    114.8 ps  rf_rf_15__10_: DFFPOSX1_11/Q ->    INVX2_28/A
    194.6 ps         _3131_:    INVX2_28/Y -> OAI21X1_816/A
    252.0 ps         _2101_: OAI21X1_816/Y -> DFFPOSX1_11/D

   clock skew at destination = 0
   hold at destination = -3.81216

Path DFFPOSX1_19/CLK to DFFPOSX1_19/D delay 248.209 ps
      0.0 ps   clk_bF_buf77:  CLKBUF1_26/Y -> DFFPOSX1_19/CLK
    114.8 ps  rf_rf_15__18_: DFFPOSX1_19/Q ->    INVX2_40/A
    194.6 ps         _3509_:    INVX2_40/Y -> OAI21X1_822/A
    252.0 ps         _2109_: OAI21X1_822/Y -> DFFPOSX1_19/D

   clock skew at destination = 0
   hold at destination = -3.81216

Path DFFPOSX1_21/CLK to DFFPOSX1_21/D delay 248.209 ps
      0.0 ps   clk_bF_buf67:  CLKBUF1_36/Y -> DFFPOSX1_21/CLK
    114.8 ps  rf_rf_15__20_: DFFPOSX1_21/Q ->    INVX2_44/A
    194.6 ps         _3597_:    INVX2_44/Y -> OAI21X1_824/A
    252.0 ps         _2111_: OAI21X1_824/Y -> DFFPOSX1_21/D

   clock skew at destination = 0
   hold at destination = -3.81216

Path DFFPOSX1_5/CLK to DFFPOSX1_5/D delay 248.209 ps
      0.0 ps  clk_bF_buf77:  CLKBUF1_26/Y ->  DFFPOSX1_5/CLK
    114.8 ps  rf_rf_15__4_:  DFFPOSX1_5/Q ->    INVX2_16/A
    194.6 ps        _2855_:    INVX2_16/Y -> OAI21X1_810/A
    252.0 ps        _2095_: OAI21X1_810/Y ->  DFFPOSX1_5/D

   clock skew at destination = 0
   hold at destination = -3.81216

Path DFFPOSX1_17/CLK to DFFPOSX1_17/D delay 248.209 ps
      0.0 ps   clk_bF_buf29:  CLKBUF1_74/Y -> DFFPOSX1_17/CLK
    114.8 ps  rf_rf_15__16_: DFFPOSX1_17/Q ->    INVX2_38/A
    194.6 ps         _3391_:    INVX2_38/Y -> OAI21X1_820/A
    252.0 ps         _2107_: OAI21X1_820/Y -> DFFPOSX1_17/D

   clock skew at destination = 0
   hold at destination = -3.81216

Path DFFPOSX1_1/CLK to DFFPOSX1_1/D delay 248.209 ps
      0.0 ps  clk_bF_buf77:  CLKBUF1_26/Y ->  DFFPOSX1_1/CLK
    114.8 ps  rf_rf_15__0_:  DFFPOSX1_1/Q ->     INVX2_1/A
    194.6 ps        _2647_:     INVX2_1/Y -> OAI21X1_806/A
    252.0 ps        _2091_: OAI21X1_806/Y ->  DFFPOSX1_1/D

   clock skew at destination = 0
   hold at destination = -3.81216

Path DFFPOSX1_103/CLK to DFFPOSX1_103/D delay 251.317 ps
      0.0 ps  clk_bF_buf85:   CLKBUF1_18/Y -> DFFPOSX1_103/CLK
    151.5 ps  rf_rf_26__6_: DFFPOSX1_103/Q ->  OAI21X1_951/C
    212.6 ps        _7946_:  OAI21X1_951/Y ->  OAI21X1_952/C
    255.7 ps        _2449_:  OAI21X1_952/Y -> DFFPOSX1_103/D

   clock skew at destination = 0
   hold at destination = -4.42927

Design meets minimum hold timing.
-----------------------------------------

Number of paths analyzed:  2176

Top 20 maximum delay paths:
Path input pin imData[18] to DFFSR_30/D delay 4726.06 ps
      0.0 ps                imData[18]:                ->    BUFX4_106/A
    116.9 ps  imData_18__hier0_bF_buf3:    BUFX4_106/Y ->   BUFX4_1001/A
    290.7 ps       imData_18_bF_buf41_:   BUFX4_1001/Y ->     INVX8_13/A
    377.4 ps                    _5604_:     INVX8_13/Y ->    BUFX4_404/A
    542.5 ps            _5604__bF_buf0:    BUFX4_404/Y ->   NAND3X1_79/A
    659.8 ps                    _5607_:   NAND3X1_79/Y ->    NOR2X1_55/B
    827.0 ps                    _5608_:    NOR2X1_55/Y ->   BUFX4_1058/A
    984.5 ps            _5608__bF_buf2:   BUFX4_1058/Y ->  AOI21X1_804/C
   1052.0 ps                   rd2_10_:  AOI21X1_804/Y ->   NOR2X1_762/B
   1115.5 ps                     _511_:   NOR2X1_762/Y -> AOI21X1_1659/C
   1370.6 ps              alu_srcB_10_: AOI21X1_1659/Y ->   XNOR2X1_33/B
   1643.6 ps                     _797_:   XNOR2X1_33/Y ->   NOR2X1_856/B
   1805.1 ps                    _1389_:   NOR2X1_856/Y -> AOI21X1_1724/B
   1983.4 ps                    _1392_: AOI21X1_1724/Y -> OAI21X1_1622/A
   2151.8 ps                    _1510_: OAI21X1_1622/Y -> AOI21X1_1745/C
   2321.4 ps                    _1513_: AOI21X1_1745/Y -> OAI21X1_1676/A
   2515.3 ps                     _611_: OAI21X1_1676/Y -> AOI21X1_1802/B
   2711.5 ps                     _669_: AOI21X1_1802/Y -> OAI21X1_1700/A
   2821.1 ps                     _686_: OAI21X1_1700/Y -> OAI21X1_1701/A
   2914.6 ps                     _687_: OAI21X1_1701/Y -> OAI21X1_1705/A
   3412.2 ps            alu_result_29_: OAI21X1_1705/Y ->    NOR3X1_27/A
   3636.0 ps                     _735_:    NOR3X1_27/Y ->  NAND3X1_206/C
   3754.9 ps                     _736_:  NAND3X1_206/Y ->    NOR3X1_31/C
   3855.9 ps                  alu_zero:    NOR3X1_31/Y -> NAND2X1_1048/A
   3940.0 ps                    _8146_: NAND2X1_1048/Y -> OAI21X1_1323/C
   4127.6 ps                     pcSrc: OAI21X1_1323/Y ->    BUFX4_680/A
   4350.6 ps             pcSrc_bF_buf4:    BUFX4_680/Y ->     INVX8_51/A
   4456.3 ps                      _76_:     INVX8_51/Y ->     OR2X2_16/B
   4576.6 ps                     _104_:     OR2X2_16/Y ->    OAI22X1_2/C
   4643.5 ps                 pc_new_8_:    OAI22X1_2/Y ->     DFFSR_30/D

   setup at destination = 82.5737

Path input pin imData[18] to DFFSR_8/D delay 4726.06 ps
      0.0 ps                imData[18]:                ->    BUFX4_106/A
    116.9 ps  imData_18__hier0_bF_buf3:    BUFX4_106/Y ->   BUFX4_1001/A
    290.7 ps       imData_18_bF_buf41_:   BUFX4_1001/Y ->     INVX8_13/A
    377.4 ps                    _5604_:     INVX8_13/Y ->    BUFX4_404/A
    542.5 ps            _5604__bF_buf0:    BUFX4_404/Y ->   NAND3X1_79/A
    659.8 ps                    _5607_:   NAND3X1_79/Y ->    NOR2X1_55/B
    827.0 ps                    _5608_:    NOR2X1_55/Y ->   BUFX4_1058/A
    984.5 ps            _5608__bF_buf2:   BUFX4_1058/Y ->  AOI21X1_804/C
   1052.0 ps                   rd2_10_:  AOI21X1_804/Y ->   NOR2X1_762/B
   1115.5 ps                     _511_:   NOR2X1_762/Y -> AOI21X1_1659/C
   1370.6 ps              alu_srcB_10_: AOI21X1_1659/Y ->   XNOR2X1_33/B
   1643.6 ps                     _797_:   XNOR2X1_33/Y ->   NOR2X1_856/B
   1805.1 ps                    _1389_:   NOR2X1_856/Y -> AOI21X1_1724/B
   1983.4 ps                    _1392_: AOI21X1_1724/Y -> OAI21X1_1622/A
   2151.8 ps                    _1510_: OAI21X1_1622/Y -> AOI21X1_1745/C
   2321.4 ps                    _1513_: AOI21X1_1745/Y -> OAI21X1_1676/A
   2515.3 ps                     _611_: OAI21X1_1676/Y -> AOI21X1_1802/B
   2711.5 ps                     _669_: AOI21X1_1802/Y -> OAI21X1_1700/A
   2821.1 ps                     _686_: OAI21X1_1700/Y -> OAI21X1_1701/A
   2914.6 ps                     _687_: OAI21X1_1701/Y -> OAI21X1_1705/A
   3412.2 ps            alu_result_29_: OAI21X1_1705/Y ->    NOR3X1_27/A
   3636.0 ps                     _735_:    NOR3X1_27/Y ->  NAND3X1_206/C
   3754.9 ps                     _736_:  NAND3X1_206/Y ->    NOR3X1_31/C
   3855.9 ps                  alu_zero:    NOR3X1_31/Y -> NAND2X1_1048/A
   3940.0 ps                    _8146_: NAND2X1_1048/Y -> OAI21X1_1323/C
   4127.6 ps                     pcSrc: OAI21X1_1323/Y ->    BUFX4_680/A
   4350.6 ps             pcSrc_bF_buf4:    BUFX4_680/Y ->     INVX8_51/A
   4456.3 ps                      _76_:     INVX8_51/Y ->     OR2X2_21/B
   4576.6 ps                     _259_:     OR2X2_21/Y ->    OAI22X1_7/C
   4643.5 ps                pc_new_18_:    OAI22X1_7/Y ->      DFFSR_8/D

   setup at destination = 82.5737

Path input pin imData[18] to DFFSR_21/D delay 4674.83 ps
      0.0 ps                imData[18]:                ->    BUFX4_106/A
    116.9 ps  imData_18__hier0_bF_buf3:    BUFX4_106/Y ->   BUFX4_1001/A
    290.7 ps       imData_18_bF_buf41_:   BUFX4_1001/Y ->     INVX8_13/A
    377.4 ps                    _5604_:     INVX8_13/Y ->    BUFX4_404/A
    542.5 ps            _5604__bF_buf0:    BUFX4_404/Y ->   NAND3X1_79/A
    659.8 ps                    _5607_:   NAND3X1_79/Y ->    NOR2X1_55/B
    827.0 ps                    _5608_:    NOR2X1_55/Y ->   BUFX4_1058/A
    984.5 ps            _5608__bF_buf2:   BUFX4_1058/Y ->  AOI21X1_804/C
   1052.0 ps                   rd2_10_:  AOI21X1_804/Y ->   NOR2X1_762/B
   1115.5 ps                     _511_:   NOR2X1_762/Y -> AOI21X1_1659/C
   1370.6 ps              alu_srcB_10_: AOI21X1_1659/Y ->   XNOR2X1_33/B
   1643.6 ps                     _797_:   XNOR2X1_33/Y ->   NOR2X1_856/B
   1805.1 ps                    _1389_:   NOR2X1_856/Y -> AOI21X1_1724/B
   1983.4 ps                    _1392_: AOI21X1_1724/Y -> OAI21X1_1622/A
   2151.8 ps                    _1510_: OAI21X1_1622/Y -> AOI21X1_1745/C
   2321.4 ps                    _1513_: AOI21X1_1745/Y -> OAI21X1_1676/A
   2515.3 ps                     _611_: OAI21X1_1676/Y -> AOI21X1_1802/B
   2711.5 ps                     _669_: AOI21X1_1802/Y -> OAI21X1_1700/A
   2821.1 ps                     _686_: OAI21X1_1700/Y -> OAI21X1_1701/A
   2914.6 ps                     _687_: OAI21X1_1701/Y -> OAI21X1_1705/A
   3412.2 ps            alu_result_29_: OAI21X1_1705/Y ->    NOR3X1_27/A
   3636.0 ps                     _735_:    NOR3X1_27/Y ->  NAND3X1_206/C
   3754.9 ps                     _736_:  NAND3X1_206/Y ->    NOR3X1_31/C
   3855.9 ps                  alu_zero:    NOR3X1_31/Y -> NAND2X1_1048/A
   3940.0 ps                    _8146_: NAND2X1_1048/Y -> OAI21X1_1323/C
   4127.6 ps                     pcSrc: OAI21X1_1323/Y ->    BUFX4_680/A
   4350.6 ps             pcSrc_bF_buf4:    BUFX4_680/Y ->     INVX8_51/A
   4456.3 ps                      _76_:     INVX8_51/Y -> NAND2X1_1169/A
   4536.1 ps                     _438_: NAND2X1_1169/Y -> NAND2X1_1170/A
   4599.9 ps                pc_new_31_: NAND2X1_1170/Y ->     DFFSR_21/D

   setup at destination = 74.934

Path input pin imData[18] to DFFSR_29/D delay 4673.39 ps
      0.0 ps                imData[18]:                ->    BUFX4_106/A
    116.9 ps  imData_18__hier0_bF_buf3:    BUFX4_106/Y ->   BUFX4_1001/A
    290.7 ps       imData_18_bF_buf41_:   BUFX4_1001/Y ->     INVX8_13/A
    377.4 ps                    _5604_:     INVX8_13/Y ->    BUFX4_404/A
    542.5 ps            _5604__bF_buf0:    BUFX4_404/Y ->   NAND3X1_79/A
    659.8 ps                    _5607_:   NAND3X1_79/Y ->    NOR2X1_55/B
    827.0 ps                    _5608_:    NOR2X1_55/Y ->   BUFX4_1058/A
    984.5 ps            _5608__bF_buf2:   BUFX4_1058/Y ->  AOI21X1_804/C
   1052.0 ps                   rd2_10_:  AOI21X1_804/Y ->   NOR2X1_762/B
   1115.5 ps                     _511_:   NOR2X1_762/Y -> AOI21X1_1659/C
   1370.6 ps              alu_srcB_10_: AOI21X1_1659/Y ->   XNOR2X1_33/B
   1643.6 ps                     _797_:   XNOR2X1_33/Y ->   NOR2X1_856/B
   1805.1 ps                    _1389_:   NOR2X1_856/Y -> AOI21X1_1724/B
   1983.4 ps                    _1392_: AOI21X1_1724/Y -> OAI21X1_1622/A
   2151.8 ps                    _1510_: OAI21X1_1622/Y -> AOI21X1_1745/C
   2321.4 ps                    _1513_: AOI21X1_1745/Y -> OAI21X1_1676/A
   2515.3 ps                     _611_: OAI21X1_1676/Y -> AOI21X1_1802/B
   2711.5 ps                     _669_: AOI21X1_1802/Y -> OAI21X1_1700/A
   2821.1 ps                     _686_: OAI21X1_1700/Y -> OAI21X1_1701/A
   2914.6 ps                     _687_: OAI21X1_1701/Y -> OAI21X1_1705/A
   3412.2 ps            alu_result_29_: OAI21X1_1705/Y ->    NOR3X1_27/A
   3636.0 ps                     _735_:    NOR3X1_27/Y ->  NAND3X1_206/C
   3754.9 ps                     _736_:  NAND3X1_206/Y ->    NOR3X1_31/C
   3855.9 ps                  alu_zero:    NOR3X1_31/Y -> NAND2X1_1048/A
   3940.0 ps                    _8146_: NAND2X1_1048/Y -> OAI21X1_1323/C
   4127.6 ps                     pcSrc: OAI21X1_1323/Y ->    BUFX4_680/A
   4350.6 ps             pcSrc_bF_buf4:    BUFX4_680/Y ->     INVX8_51/A
   4456.3 ps                      _76_:     INVX8_51/Y -> NAND2X1_1078/A
   4536.9 ps                      _82_: NAND2X1_1078/Y -> OAI21X1_1343/C
   4594.6 ps                 pc_new_7_: OAI21X1_1343/Y ->     DFFSR_29/D

   setup at destination = 78.8088

Path input pin imData[18] to DFFSR_31/D delay 4673.39 ps
      0.0 ps                imData[18]:                ->    BUFX4_106/A
    116.9 ps  imData_18__hier0_bF_buf3:    BUFX4_106/Y ->   BUFX4_1001/A
    290.7 ps       imData_18_bF_buf41_:   BUFX4_1001/Y ->     INVX8_13/A
    377.4 ps                    _5604_:     INVX8_13/Y ->    BUFX4_404/A
    542.5 ps            _5604__bF_buf0:    BUFX4_404/Y ->   NAND3X1_79/A
    659.8 ps                    _5607_:   NAND3X1_79/Y ->    NOR2X1_55/B
    827.0 ps                    _5608_:    NOR2X1_55/Y ->   BUFX4_1058/A
    984.5 ps            _5608__bF_buf2:   BUFX4_1058/Y ->  AOI21X1_804/C
   1052.0 ps                   rd2_10_:  AOI21X1_804/Y ->   NOR2X1_762/B
   1115.5 ps                     _511_:   NOR2X1_762/Y -> AOI21X1_1659/C
   1370.6 ps              alu_srcB_10_: AOI21X1_1659/Y ->   XNOR2X1_33/B
   1643.6 ps                     _797_:   XNOR2X1_33/Y ->   NOR2X1_856/B
   1805.1 ps                    _1389_:   NOR2X1_856/Y -> AOI21X1_1724/B
   1983.4 ps                    _1392_: AOI21X1_1724/Y -> OAI21X1_1622/A
   2151.8 ps                    _1510_: OAI21X1_1622/Y -> AOI21X1_1745/C
   2321.4 ps                    _1513_: AOI21X1_1745/Y -> OAI21X1_1676/A
   2515.3 ps                     _611_: OAI21X1_1676/Y -> AOI21X1_1802/B
   2711.5 ps                     _669_: AOI21X1_1802/Y -> OAI21X1_1700/A
   2821.1 ps                     _686_: OAI21X1_1700/Y -> OAI21X1_1701/A
   2914.6 ps                     _687_: OAI21X1_1701/Y -> OAI21X1_1705/A
   3412.2 ps            alu_result_29_: OAI21X1_1705/Y ->    NOR3X1_27/A
   3636.0 ps                     _735_:    NOR3X1_27/Y ->  NAND3X1_206/C
   3754.9 ps                     _736_:  NAND3X1_206/Y ->    NOR3X1_31/C
   3855.9 ps                  alu_zero:    NOR3X1_31/Y -> NAND2X1_1048/A
   3940.0 ps                    _8146_: NAND2X1_1048/Y -> OAI21X1_1323/C
   4127.6 ps                     pcSrc: OAI21X1_1323/Y ->    BUFX4_680/A
   4350.6 ps             pcSrc_bF_buf4:    BUFX4_680/Y ->     INVX8_51/A
   4456.3 ps                      _76_:     INVX8_51/Y -> NAND2X1_1086/A
   4536.9 ps                     _120_: NAND2X1_1086/Y -> OAI21X1_1346/C
   4594.6 ps                 pc_new_9_: OAI21X1_1346/Y ->     DFFSR_31/D

   setup at destination = 78.8088

Path input pin imData[18] to DFFSR_3/D delay 4673.39 ps
      0.0 ps                imData[18]:                ->    BUFX4_106/A
    116.9 ps  imData_18__hier0_bF_buf3:    BUFX4_106/Y ->   BUFX4_1001/A
    290.7 ps       imData_18_bF_buf41_:   BUFX4_1001/Y ->     INVX8_13/A
    377.4 ps                    _5604_:     INVX8_13/Y ->    BUFX4_404/A
    542.5 ps            _5604__bF_buf0:    BUFX4_404/Y ->   NAND3X1_79/A
    659.8 ps                    _5607_:   NAND3X1_79/Y ->    NOR2X1_55/B
    827.0 ps                    _5608_:    NOR2X1_55/Y ->   BUFX4_1058/A
    984.5 ps            _5608__bF_buf2:   BUFX4_1058/Y ->  AOI21X1_804/C
   1052.0 ps                   rd2_10_:  AOI21X1_804/Y ->   NOR2X1_762/B
   1115.5 ps                     _511_:   NOR2X1_762/Y -> AOI21X1_1659/C
   1370.6 ps              alu_srcB_10_: AOI21X1_1659/Y ->   XNOR2X1_33/B
   1643.6 ps                     _797_:   XNOR2X1_33/Y ->   NOR2X1_856/B
   1805.1 ps                    _1389_:   NOR2X1_856/Y -> AOI21X1_1724/B
   1983.4 ps                    _1392_: AOI21X1_1724/Y -> OAI21X1_1622/A
   2151.8 ps                    _1510_: OAI21X1_1622/Y -> AOI21X1_1745/C
   2321.4 ps                    _1513_: AOI21X1_1745/Y -> OAI21X1_1676/A
   2515.3 ps                     _611_: OAI21X1_1676/Y -> AOI21X1_1802/B
   2711.5 ps                     _669_: AOI21X1_1802/Y -> OAI21X1_1700/A
   2821.1 ps                     _686_: OAI21X1_1700/Y -> OAI21X1_1701/A
   2914.6 ps                     _687_: OAI21X1_1701/Y -> OAI21X1_1705/A
   3412.2 ps            alu_result_29_: OAI21X1_1705/Y ->    NOR3X1_27/A
   3636.0 ps                     _735_:    NOR3X1_27/Y ->  NAND3X1_206/C
   3754.9 ps                     _736_:  NAND3X1_206/Y ->    NOR3X1_31/C
   3855.9 ps                  alu_zero:    NOR3X1_31/Y -> NAND2X1_1048/A
   3940.0 ps                    _8146_: NAND2X1_1048/Y -> OAI21X1_1323/C
   4127.6 ps                     pcSrc: OAI21X1_1323/Y ->    BUFX4_680/A
   4350.6 ps             pcSrc_bF_buf4:    BUFX4_680/Y ->     INVX8_51/A
   4456.3 ps                      _76_:     INVX8_51/Y -> NAND2X1_1103/A
   4536.9 ps                     _187_: NAND2X1_1103/Y -> OAI21X1_1360/C
   4594.6 ps                pc_new_13_: OAI21X1_1360/Y ->      DFFSR_3/D

   setup at destination = 78.8088

Path input pin imData[18] to DFFSR_9/D delay 4673.39 ps
      0.0 ps                imData[18]:                ->    BUFX4_106/A
    116.9 ps  imData_18__hier0_bF_buf3:    BUFX4_106/Y ->   BUFX4_1001/A
    290.7 ps       imData_18_bF_buf41_:   BUFX4_1001/Y ->     INVX8_13/A
    377.4 ps                    _5604_:     INVX8_13/Y ->    BUFX4_404/A
    542.5 ps            _5604__bF_buf0:    BUFX4_404/Y ->   NAND3X1_79/A
    659.8 ps                    _5607_:   NAND3X1_79/Y ->    NOR2X1_55/B
    827.0 ps                    _5608_:    NOR2X1_55/Y ->   BUFX4_1058/A
    984.5 ps            _5608__bF_buf2:   BUFX4_1058/Y ->  AOI21X1_804/C
   1052.0 ps                   rd2_10_:  AOI21X1_804/Y ->   NOR2X1_762/B
   1115.5 ps                     _511_:   NOR2X1_762/Y -> AOI21X1_1659/C
   1370.6 ps              alu_srcB_10_: AOI21X1_1659/Y ->   XNOR2X1_33/B
   1643.6 ps                     _797_:   XNOR2X1_33/Y ->   NOR2X1_856/B
   1805.1 ps                    _1389_:   NOR2X1_856/Y -> AOI21X1_1724/B
   1983.4 ps                    _1392_: AOI21X1_1724/Y -> OAI21X1_1622/A
   2151.8 ps                    _1510_: OAI21X1_1622/Y -> AOI21X1_1745/C
   2321.4 ps                    _1513_: AOI21X1_1745/Y -> OAI21X1_1676/A
   2515.3 ps                     _611_: OAI21X1_1676/Y -> AOI21X1_1802/B
   2711.5 ps                     _669_: AOI21X1_1802/Y -> OAI21X1_1700/A
   2821.1 ps                     _686_: OAI21X1_1700/Y -> OAI21X1_1701/A
   2914.6 ps                     _687_: OAI21X1_1701/Y -> OAI21X1_1705/A
   3412.2 ps            alu_result_29_: OAI21X1_1705/Y ->    NOR3X1_27/A
   3636.0 ps                     _735_:    NOR3X1_27/Y ->  NAND3X1_206/C
   3754.9 ps                     _736_:  NAND3X1_206/Y ->    NOR3X1_31/C
   3855.9 ps                  alu_zero:    NOR3X1_31/Y -> NAND2X1_1048/A
   3940.0 ps                    _8146_: NAND2X1_1048/Y -> OAI21X1_1323/C
   4127.6 ps                     pcSrc: OAI21X1_1323/Y ->    BUFX4_680/A
   4350.6 ps             pcSrc_bF_buf4:    BUFX4_680/Y ->     INVX8_51/A
   4456.3 ps                      _76_:     INVX8_51/Y -> NAND2X1_1125/A
   4536.9 ps                     _270_: NAND2X1_1125/Y -> OAI21X1_1378/C
   4594.6 ps                pc_new_19_: OAI21X1_1378/Y ->      DFFSR_9/D

   setup at destination = 78.8088

Path input pin imData[18] to DFFSR_13/D delay 4673.39 ps
      0.0 ps                imData[18]:                ->    BUFX4_106/A
    116.9 ps  imData_18__hier0_bF_buf3:    BUFX4_106/Y ->   BUFX4_1001/A
    290.7 ps       imData_18_bF_buf41_:   BUFX4_1001/Y ->     INVX8_13/A
    377.4 ps                    _5604_:     INVX8_13/Y ->    BUFX4_404/A
    542.5 ps            _5604__bF_buf0:    BUFX4_404/Y ->   NAND3X1_79/A
    659.8 ps                    _5607_:   NAND3X1_79/Y ->    NOR2X1_55/B
    827.0 ps                    _5608_:    NOR2X1_55/Y ->   BUFX4_1058/A
    984.5 ps            _5608__bF_buf2:   BUFX4_1058/Y ->  AOI21X1_804/C
   1052.0 ps                   rd2_10_:  AOI21X1_804/Y ->   NOR2X1_762/B
   1115.5 ps                     _511_:   NOR2X1_762/Y -> AOI21X1_1659/C
   1370.6 ps              alu_srcB_10_: AOI21X1_1659/Y ->   XNOR2X1_33/B
   1643.6 ps                     _797_:   XNOR2X1_33/Y ->   NOR2X1_856/B
   1805.1 ps                    _1389_:   NOR2X1_856/Y -> AOI21X1_1724/B
   1983.4 ps                    _1392_: AOI21X1_1724/Y -> OAI21X1_1622/A
   2151.8 ps                    _1510_: OAI21X1_1622/Y -> AOI21X1_1745/C
   2321.4 ps                    _1513_: AOI21X1_1745/Y -> OAI21X1_1676/A
   2515.3 ps                     _611_: OAI21X1_1676/Y -> AOI21X1_1802/B
   2711.5 ps                     _669_: AOI21X1_1802/Y -> OAI21X1_1700/A
   2821.1 ps                     _686_: OAI21X1_1700/Y -> OAI21X1_1701/A
   2914.6 ps                     _687_: OAI21X1_1701/Y -> OAI21X1_1705/A
   3412.2 ps            alu_result_29_: OAI21X1_1705/Y ->    NOR3X1_27/A
   3636.0 ps                     _735_:    NOR3X1_27/Y ->  NAND3X1_206/C
   3754.9 ps                     _736_:  NAND3X1_206/Y ->    NOR3X1_31/C
   3855.9 ps                  alu_zero:    NOR3X1_31/Y -> NAND2X1_1048/A
   3940.0 ps                    _8146_: NAND2X1_1048/Y -> OAI21X1_1323/C
   4127.6 ps                     pcSrc: OAI21X1_1323/Y ->    BUFX4_680/A
   4350.6 ps             pcSrc_bF_buf4:    BUFX4_680/Y ->     INVX8_51/A
   4456.3 ps                      _76_:     INVX8_51/Y -> NAND2X1_1146/A
   4536.9 ps                     _328_: NAND2X1_1146/Y -> OAI21X1_1390/C
   4594.6 ps                pc_new_23_: OAI21X1_1390/Y ->     DFFSR_13/D

   setup at destination = 78.8088

Path input pin imData[18] to DFFSR_19/D delay 4673.39 ps
      0.0 ps                imData[18]:                ->    BUFX4_106/A
    116.9 ps  imData_18__hier0_bF_buf3:    BUFX4_106/Y ->   BUFX4_1001/A
    290.7 ps       imData_18_bF_buf41_:   BUFX4_1001/Y ->     INVX8_13/A
    377.4 ps                    _5604_:     INVX8_13/Y ->    BUFX4_404/A
    542.5 ps            _5604__bF_buf0:    BUFX4_404/Y ->   NAND3X1_79/A
    659.8 ps                    _5607_:   NAND3X1_79/Y ->    NOR2X1_55/B
    827.0 ps                    _5608_:    NOR2X1_55/Y ->   BUFX4_1058/A
    984.5 ps            _5608__bF_buf2:   BUFX4_1058/Y ->  AOI21X1_804/C
   1052.0 ps                   rd2_10_:  AOI21X1_804/Y ->   NOR2X1_762/B
   1115.5 ps                     _511_:   NOR2X1_762/Y -> AOI21X1_1659/C
   1370.6 ps              alu_srcB_10_: AOI21X1_1659/Y ->   XNOR2X1_33/B
   1643.6 ps                     _797_:   XNOR2X1_33/Y ->   NOR2X1_856/B
   1805.1 ps                    _1389_:   NOR2X1_856/Y -> AOI21X1_1724/B
   1983.4 ps                    _1392_: AOI21X1_1724/Y -> OAI21X1_1622/A
   2151.8 ps                    _1510_: OAI21X1_1622/Y -> AOI21X1_1745/C
   2321.4 ps                    _1513_: AOI21X1_1745/Y -> OAI21X1_1676/A
   2515.3 ps                     _611_: OAI21X1_1676/Y -> AOI21X1_1802/B
   2711.5 ps                     _669_: AOI21X1_1802/Y -> OAI21X1_1700/A
   2821.1 ps                     _686_: OAI21X1_1700/Y -> OAI21X1_1701/A
   2914.6 ps                     _687_: OAI21X1_1701/Y -> OAI21X1_1705/A
   3412.2 ps            alu_result_29_: OAI21X1_1705/Y ->    NOR3X1_27/A
   3636.0 ps                     _735_:    NOR3X1_27/Y ->  NAND3X1_206/C
   3754.9 ps                     _736_:  NAND3X1_206/Y ->    NOR3X1_31/C
   3855.9 ps                  alu_zero:    NOR3X1_31/Y -> NAND2X1_1048/A
   3940.0 ps                    _8146_: NAND2X1_1048/Y -> OAI21X1_1323/C
   4127.6 ps                     pcSrc: OAI21X1_1323/Y ->    BUFX4_680/A
   4350.6 ps             pcSrc_bF_buf4:    BUFX4_680/Y ->     INVX8_51/A
   4456.3 ps                      _76_:     INVX8_51/Y -> NAND2X1_1165/A
   4536.9 ps                     _424_: NAND2X1_1165/Y -> OAI21X1_1415/C
   4594.6 ps                pc_new_29_: OAI21X1_1415/Y ->     DFFSR_19/D

   setup at destination = 78.8088

Path input pin imData[18] to DFFSR_12/D delay 4673.39 ps
      0.0 ps                imData[18]:                ->    BUFX4_106/A
    116.9 ps  imData_18__hier0_bF_buf3:    BUFX4_106/Y ->   BUFX4_1001/A
    290.7 ps       imData_18_bF_buf41_:   BUFX4_1001/Y ->     INVX8_13/A
    377.4 ps                    _5604_:     INVX8_13/Y ->    BUFX4_404/A
    542.5 ps            _5604__bF_buf0:    BUFX4_404/Y ->   NAND3X1_79/A
    659.8 ps                    _5607_:   NAND3X1_79/Y ->    NOR2X1_55/B
    827.0 ps                    _5608_:    NOR2X1_55/Y ->   BUFX4_1058/A
    984.5 ps            _5608__bF_buf2:   BUFX4_1058/Y ->  AOI21X1_804/C
   1052.0 ps                   rd2_10_:  AOI21X1_804/Y ->   NOR2X1_762/B
   1115.5 ps                     _511_:   NOR2X1_762/Y -> AOI21X1_1659/C
   1370.6 ps              alu_srcB_10_: AOI21X1_1659/Y ->   XNOR2X1_33/B
   1643.6 ps                     _797_:   XNOR2X1_33/Y ->   NOR2X1_856/B
   1805.1 ps                    _1389_:   NOR2X1_856/Y -> AOI21X1_1724/B
   1983.4 ps                    _1392_: AOI21X1_1724/Y -> OAI21X1_1622/A
   2151.8 ps                    _1510_: OAI21X1_1622/Y -> AOI21X1_1745/C
   2321.4 ps                    _1513_: AOI21X1_1745/Y -> OAI21X1_1676/A
   2515.3 ps                     _611_: OAI21X1_1676/Y -> AOI21X1_1802/B
   2711.5 ps                     _669_: AOI21X1_1802/Y -> OAI21X1_1700/A
   2821.1 ps                     _686_: OAI21X1_1700/Y -> OAI21X1_1701/A
   2914.6 ps                     _687_: OAI21X1_1701/Y -> OAI21X1_1705/A
   3412.2 ps            alu_result_29_: OAI21X1_1705/Y ->    NOR3X1_27/A
   3636.0 ps                     _735_:    NOR3X1_27/Y ->  NAND3X1_206/C
   3754.9 ps                     _736_:  NAND3X1_206/Y ->    NOR3X1_31/C
   3855.9 ps                  alu_zero:    NOR3X1_31/Y -> NAND2X1_1048/A
   3940.0 ps                    _8146_: NAND2X1_1048/Y -> OAI21X1_1323/C
   4127.6 ps                     pcSrc: OAI21X1_1323/Y ->    BUFX4_680/A
   4350.6 ps             pcSrc_bF_buf4:    BUFX4_680/Y ->     INVX8_51/A
   4456.3 ps                      _76_:     INVX8_51/Y -> NAND2X1_1135/A
   4536.9 ps                     _303_: NAND2X1_1135/Y -> OAI21X1_1388/C
   4594.6 ps                pc_new_22_: OAI21X1_1388/Y ->     DFFSR_12/D

   setup at destination = 78.8088

Path input pin imData[18] to DFFSR_18/D delay 4615.42 ps
      0.0 ps                imData[18]:                ->    BUFX4_106/A
    116.9 ps  imData_18__hier0_bF_buf3:    BUFX4_106/Y ->   BUFX4_1001/A
    290.7 ps       imData_18_bF_buf41_:   BUFX4_1001/Y ->     INVX8_13/A
    377.4 ps                    _5604_:     INVX8_13/Y ->    BUFX4_404/A
    542.5 ps            _5604__bF_buf0:    BUFX4_404/Y ->   NAND3X1_79/A
    659.8 ps                    _5607_:   NAND3X1_79/Y ->    NOR2X1_55/B
    827.0 ps                    _5608_:    NOR2X1_55/Y ->   BUFX4_1058/A
    984.5 ps            _5608__bF_buf2:   BUFX4_1058/Y ->  AOI21X1_804/C
   1052.0 ps                   rd2_10_:  AOI21X1_804/Y ->   NOR2X1_762/B
   1115.5 ps                     _511_:   NOR2X1_762/Y -> AOI21X1_1659/C
   1370.6 ps              alu_srcB_10_: AOI21X1_1659/Y ->   XNOR2X1_33/B
   1643.6 ps                     _797_:   XNOR2X1_33/Y ->   NOR2X1_856/B
   1805.1 ps                    _1389_:   NOR2X1_856/Y -> AOI21X1_1724/B
   1983.4 ps                    _1392_: AOI21X1_1724/Y -> OAI21X1_1622/A
   2151.8 ps                    _1510_: OAI21X1_1622/Y -> AOI21X1_1745/C
   2321.4 ps                    _1513_: AOI21X1_1745/Y -> OAI21X1_1676/A
   2515.3 ps                     _611_: OAI21X1_1676/Y -> AOI21X1_1802/B
   2711.5 ps                     _669_: AOI21X1_1802/Y -> OAI21X1_1700/A
   2821.1 ps                     _686_: OAI21X1_1700/Y -> OAI21X1_1701/A
   2914.6 ps                     _687_: OAI21X1_1701/Y -> OAI21X1_1705/A
   3412.2 ps            alu_result_29_: OAI21X1_1705/Y ->    NOR3X1_27/A
   3636.0 ps                     _735_:    NOR3X1_27/Y ->  NAND3X1_206/C
   3754.9 ps                     _736_:  NAND3X1_206/Y ->    NOR3X1_31/C
   3855.9 ps                  alu_zero:    NOR3X1_31/Y -> NAND2X1_1048/A
   3940.0 ps                    _8146_: NAND2X1_1048/Y -> OAI21X1_1323/C
   4127.6 ps                     pcSrc: OAI21X1_1323/Y ->    BUFX4_680/A
   4350.6 ps             pcSrc_bF_buf4:    BUFX4_680/Y ->  NAND3X1_158/A
   4468.0 ps                     _412_:  NAND3X1_158/Y -> OAI21X1_1412/C
   4532.3 ps                pc_new_28_: OAI21X1_1412/Y ->     DFFSR_18/D

   setup at destination = 83.1468

Path input pin imData[18] to DFFSR_14/D delay 4607.33 ps
      0.0 ps                imData[18]:                ->    BUFX4_106/A
    116.9 ps  imData_18__hier0_bF_buf3:    BUFX4_106/Y ->   BUFX4_1001/A
    290.7 ps       imData_18_bF_buf41_:   BUFX4_1001/Y ->     INVX8_13/A
    377.4 ps                    _5604_:     INVX8_13/Y ->    BUFX4_404/A
    542.5 ps            _5604__bF_buf0:    BUFX4_404/Y ->   NAND3X1_79/A
    659.8 ps                    _5607_:   NAND3X1_79/Y ->    NOR2X1_55/B
    827.0 ps                    _5608_:    NOR2X1_55/Y ->   BUFX4_1058/A
    984.5 ps            _5608__bF_buf2:   BUFX4_1058/Y ->  AOI21X1_804/C
   1052.0 ps                   rd2_10_:  AOI21X1_804/Y ->   NOR2X1_762/B
   1115.5 ps                     _511_:   NOR2X1_762/Y -> AOI21X1_1659/C
   1370.6 ps              alu_srcB_10_: AOI21X1_1659/Y ->   XNOR2X1_33/B
   1643.6 ps                     _797_:   XNOR2X1_33/Y ->   NOR2X1_856/B
   1805.1 ps                    _1389_:   NOR2X1_856/Y -> AOI21X1_1724/B
   1983.4 ps                    _1392_: AOI21X1_1724/Y -> OAI21X1_1622/A
   2151.8 ps                    _1510_: OAI21X1_1622/Y -> AOI21X1_1745/C
   2321.4 ps                    _1513_: AOI21X1_1745/Y -> OAI21X1_1676/A
   2515.3 ps                     _611_: OAI21X1_1676/Y -> AOI21X1_1802/B
   2711.5 ps                     _669_: AOI21X1_1802/Y -> OAI21X1_1700/A
   2821.1 ps                     _686_: OAI21X1_1700/Y -> OAI21X1_1701/A
   2914.6 ps                     _687_: OAI21X1_1701/Y -> OAI21X1_1705/A
   3412.2 ps            alu_result_29_: OAI21X1_1705/Y ->    NOR3X1_27/A
   3636.0 ps                     _735_:    NOR3X1_27/Y ->  NAND3X1_206/C
   3754.9 ps                     _736_:  NAND3X1_206/Y ->    NOR3X1_31/C
   3855.9 ps                  alu_zero:    NOR3X1_31/Y -> NAND2X1_1048/A
   3940.0 ps                    _8146_: NAND2X1_1048/Y -> OAI21X1_1323/C
   4127.6 ps                     pcSrc: OAI21X1_1323/Y ->    BUFX4_680/A
   4350.6 ps             pcSrc_bF_buf4:    BUFX4_680/Y -> OAI21X1_1395/C
   4445.4 ps                     _353_: OAI21X1_1395/Y ->    OAI22X1_9/D
   4516.5 ps                pc_new_24_:    OAI22X1_9/Y ->     DFFSR_14/D

   setup at destination = 90.8646

Path input pin imData[18] to DFFSR_23/D delay 4582.4 ps
      0.0 ps                imData[18]:                ->    BUFX4_106/A
    116.9 ps  imData_18__hier0_bF_buf3:    BUFX4_106/Y ->   BUFX4_1001/A
    290.7 ps       imData_18_bF_buf41_:   BUFX4_1001/Y ->     INVX8_13/A
    377.4 ps                    _5604_:     INVX8_13/Y ->    BUFX4_404/A
    542.5 ps            _5604__bF_buf0:    BUFX4_404/Y ->   NAND3X1_79/A
    659.8 ps                    _5607_:   NAND3X1_79/Y ->    NOR2X1_55/B
    827.0 ps                    _5608_:    NOR2X1_55/Y ->   BUFX4_1058/A
    984.5 ps            _5608__bF_buf2:   BUFX4_1058/Y ->  AOI21X1_804/C
   1052.0 ps                   rd2_10_:  AOI21X1_804/Y ->   NOR2X1_762/B
   1115.5 ps                     _511_:   NOR2X1_762/Y -> AOI21X1_1659/C
   1370.6 ps              alu_srcB_10_: AOI21X1_1659/Y ->   XNOR2X1_33/B
   1643.6 ps                     _797_:   XNOR2X1_33/Y ->   NOR2X1_856/B
   1805.1 ps                    _1389_:   NOR2X1_856/Y -> AOI21X1_1724/B
   1983.4 ps                    _1392_: AOI21X1_1724/Y -> OAI21X1_1622/A
   2151.8 ps                    _1510_: OAI21X1_1622/Y -> AOI21X1_1745/C
   2321.4 ps                    _1513_: AOI21X1_1745/Y -> OAI21X1_1676/A
   2515.3 ps                     _611_: OAI21X1_1676/Y -> AOI21X1_1802/B
   2711.5 ps                     _669_: AOI21X1_1802/Y -> OAI21X1_1700/A
   2821.1 ps                     _686_: OAI21X1_1700/Y -> OAI21X1_1701/A
   2914.6 ps                     _687_: OAI21X1_1701/Y -> OAI21X1_1705/A
   3412.2 ps            alu_result_29_: OAI21X1_1705/Y ->    NOR3X1_27/A
   3636.0 ps                     _735_:    NOR3X1_27/Y ->  NAND3X1_206/C
   3754.9 ps                     _736_:  NAND3X1_206/Y ->    NOR3X1_31/C
   3855.9 ps                  alu_zero:    NOR3X1_31/Y -> NAND2X1_1048/A
   3940.0 ps                    _8146_: NAND2X1_1048/Y -> OAI21X1_1323/C
   4127.6 ps                     pcSrc: OAI21X1_1323/Y ->    BUFX4_679/A
   4329.9 ps             pcSrc_bF_buf5:    BUFX4_679/Y ->  NAND3X1_129/A
   4436.5 ps                      _10_:  NAND3X1_129/Y -> OAI21X1_1326/C
   4499.9 ps                 pc_new_1_: OAI21X1_1326/Y ->     DFFSR_23/D

   setup at destination = 82.5519

Path input pin imData[18] to DFFSR_25/D delay 4582.4 ps
      0.0 ps                imData[18]:                ->    BUFX4_106/A
    116.9 ps  imData_18__hier0_bF_buf3:    BUFX4_106/Y ->   BUFX4_1001/A
    290.7 ps       imData_18_bF_buf41_:   BUFX4_1001/Y ->     INVX8_13/A
    377.4 ps                    _5604_:     INVX8_13/Y ->    BUFX4_404/A
    542.5 ps            _5604__bF_buf0:    BUFX4_404/Y ->   NAND3X1_79/A
    659.8 ps                    _5607_:   NAND3X1_79/Y ->    NOR2X1_55/B
    827.0 ps                    _5608_:    NOR2X1_55/Y ->   BUFX4_1058/A
    984.5 ps            _5608__bF_buf2:   BUFX4_1058/Y ->  AOI21X1_804/C
   1052.0 ps                   rd2_10_:  AOI21X1_804/Y ->   NOR2X1_762/B
   1115.5 ps                     _511_:   NOR2X1_762/Y -> AOI21X1_1659/C
   1370.6 ps              alu_srcB_10_: AOI21X1_1659/Y ->   XNOR2X1_33/B
   1643.6 ps                     _797_:   XNOR2X1_33/Y ->   NOR2X1_856/B
   1805.1 ps                    _1389_:   NOR2X1_856/Y -> AOI21X1_1724/B
   1983.4 ps                    _1392_: AOI21X1_1724/Y -> OAI21X1_1622/A
   2151.8 ps                    _1510_: OAI21X1_1622/Y -> AOI21X1_1745/C
   2321.4 ps                    _1513_: AOI21X1_1745/Y -> OAI21X1_1676/A
   2515.3 ps                     _611_: OAI21X1_1676/Y -> AOI21X1_1802/B
   2711.5 ps                     _669_: AOI21X1_1802/Y -> OAI21X1_1700/A
   2821.1 ps                     _686_: OAI21X1_1700/Y -> OAI21X1_1701/A
   2914.6 ps                     _687_: OAI21X1_1701/Y -> OAI21X1_1705/A
   3412.2 ps            alu_result_29_: OAI21X1_1705/Y ->    NOR3X1_27/A
   3636.0 ps                     _735_:    NOR3X1_27/Y ->  NAND3X1_206/C
   3754.9 ps                     _736_:  NAND3X1_206/Y ->    NOR3X1_31/C
   3855.9 ps                  alu_zero:    NOR3X1_31/Y -> NAND2X1_1048/A
   3940.0 ps                    _8146_: NAND2X1_1048/Y -> OAI21X1_1323/C
   4127.6 ps                     pcSrc: OAI21X1_1323/Y ->    BUFX4_679/A
   4329.9 ps             pcSrc_bF_buf5:    BUFX4_679/Y ->  NAND3X1_130/A
   4436.5 ps                      _31_:  NAND3X1_130/Y -> OAI21X1_1331/C
   4499.9 ps                 pc_new_3_: OAI21X1_1331/Y ->     DFFSR_25/D

   setup at destination = 82.5519

Path input pin imData[18] to DFFSR_5/D delay 4577.43 ps
      0.0 ps                imData[18]:                ->    BUFX4_106/A
    116.9 ps  imData_18__hier0_bF_buf3:    BUFX4_106/Y ->   BUFX4_1001/A
    290.7 ps       imData_18_bF_buf41_:   BUFX4_1001/Y ->     INVX8_13/A
    377.4 ps                    _5604_:     INVX8_13/Y ->    BUFX4_404/A
    542.5 ps            _5604__bF_buf0:    BUFX4_404/Y ->   NAND3X1_79/A
    659.8 ps                    _5607_:   NAND3X1_79/Y ->    NOR2X1_55/B
    827.0 ps                    _5608_:    NOR2X1_55/Y ->   BUFX4_1058/A
    984.5 ps            _5608__bF_buf2:   BUFX4_1058/Y ->  AOI21X1_804/C
   1052.0 ps                   rd2_10_:  AOI21X1_804/Y ->   NOR2X1_762/B
   1115.5 ps                     _511_:   NOR2X1_762/Y -> AOI21X1_1659/C
   1370.6 ps              alu_srcB_10_: AOI21X1_1659/Y ->   XNOR2X1_33/B
   1643.6 ps                     _797_:   XNOR2X1_33/Y ->   NOR2X1_856/B
   1805.1 ps                    _1389_:   NOR2X1_856/Y -> AOI21X1_1724/B
   1983.4 ps                    _1392_: AOI21X1_1724/Y -> OAI21X1_1622/A
   2151.8 ps                    _1510_: OAI21X1_1622/Y -> AOI21X1_1745/C
   2321.4 ps                    _1513_: AOI21X1_1745/Y -> OAI21X1_1676/A
   2515.3 ps                     _611_: OAI21X1_1676/Y -> AOI21X1_1802/B
   2711.5 ps                     _669_: AOI21X1_1802/Y -> OAI21X1_1700/A
   2821.1 ps                     _686_: OAI21X1_1700/Y -> OAI21X1_1701/A
   2914.6 ps                     _687_: OAI21X1_1701/Y -> OAI21X1_1705/A
   3412.2 ps            alu_result_29_: OAI21X1_1705/Y ->    NOR3X1_27/A
   3636.0 ps                     _735_:    NOR3X1_27/Y ->  NAND3X1_206/C
   3754.9 ps                     _736_:  NAND3X1_206/Y ->    NOR3X1_31/C
   3855.9 ps                  alu_zero:    NOR3X1_31/Y -> NAND2X1_1048/A
   3940.0 ps                    _8146_: NAND2X1_1048/Y -> OAI21X1_1323/C
   4127.6 ps                     pcSrc: OAI21X1_1323/Y ->    BUFX4_683/A
   4326.7 ps             pcSrc_bF_buf1:    BUFX4_683/Y ->  NAND3X1_138/A
   4431.8 ps                     _216_:  NAND3X1_138/Y -> OAI21X1_1366/C
   4495.0 ps                pc_new_15_: OAI21X1_1366/Y ->      DFFSR_5/D

   setup at destination = 82.4632

Path input pin imData[18] to DFFSR_11/D delay 4576.67 ps
      0.0 ps                imData[18]:                ->    BUFX4_106/A
    116.9 ps  imData_18__hier0_bF_buf3:    BUFX4_106/Y ->   BUFX4_1001/A
    290.7 ps       imData_18_bF_buf41_:   BUFX4_1001/Y ->     INVX8_13/A
    377.4 ps                    _5604_:     INVX8_13/Y ->    BUFX4_404/A
    542.5 ps            _5604__bF_buf0:    BUFX4_404/Y ->   NAND3X1_79/A
    659.8 ps                    _5607_:   NAND3X1_79/Y ->    NOR2X1_55/B
    827.0 ps                    _5608_:    NOR2X1_55/Y ->   BUFX4_1058/A
    984.5 ps            _5608__bF_buf2:   BUFX4_1058/Y ->  AOI21X1_804/C
   1052.0 ps                   rd2_10_:  AOI21X1_804/Y ->   NOR2X1_762/B
   1115.5 ps                     _511_:   NOR2X1_762/Y -> AOI21X1_1659/C
   1370.6 ps              alu_srcB_10_: AOI21X1_1659/Y ->   XNOR2X1_33/B
   1643.6 ps                     _797_:   XNOR2X1_33/Y ->   NOR2X1_856/B
   1805.1 ps                    _1389_:   NOR2X1_856/Y -> AOI21X1_1724/B
   1983.4 ps                    _1392_: AOI21X1_1724/Y -> OAI21X1_1622/A
   2151.8 ps                    _1510_: OAI21X1_1622/Y -> AOI21X1_1745/C
   2321.4 ps                    _1513_: AOI21X1_1745/Y -> OAI21X1_1676/A
   2515.3 ps                     _611_: OAI21X1_1676/Y -> AOI21X1_1802/B
   2711.5 ps                     _669_: AOI21X1_1802/Y -> OAI21X1_1700/A
   2821.1 ps                     _686_: OAI21X1_1700/Y -> OAI21X1_1701/A
   2914.6 ps                     _687_: OAI21X1_1701/Y -> OAI21X1_1705/A
   3412.2 ps            alu_result_29_: OAI21X1_1705/Y ->    NOR3X1_27/A
   3636.0 ps                     _735_:    NOR3X1_27/Y ->  NAND3X1_206/C
   3754.9 ps                     _736_:  NAND3X1_206/Y ->    NOR3X1_31/C
   3855.9 ps                  alu_zero:    NOR3X1_31/Y -> NAND2X1_1048/A
   3940.0 ps                    _8146_: NAND2X1_1048/Y -> OAI21X1_1323/C
   4127.6 ps                     pcSrc: OAI21X1_1323/Y ->    BUFX4_680/A
   4350.6 ps             pcSrc_bF_buf4:    BUFX4_680/Y -> OAI21X1_1382/C
   4434.0 ps                     _296_: OAI21X1_1382/Y -> OAI21X1_1383/C
   4495.4 ps                pc_new_21_: OAI21X1_1383/Y ->     DFFSR_11/D

   setup at destination = 81.2587

Path input pin imData[18] to DFFSR_16/D delay 4573.61 ps
      0.0 ps                imData[18]:                ->    BUFX4_106/A
    116.9 ps  imData_18__hier0_bF_buf3:    BUFX4_106/Y ->   BUFX4_1001/A
    290.7 ps       imData_18_bF_buf41_:   BUFX4_1001/Y ->     INVX8_13/A
    377.4 ps                    _5604_:     INVX8_13/Y ->    BUFX4_404/A
    542.5 ps            _5604__bF_buf0:    BUFX4_404/Y ->   NAND3X1_79/A
    659.8 ps                    _5607_:   NAND3X1_79/Y ->    NOR2X1_55/B
    827.0 ps                    _5608_:    NOR2X1_55/Y ->   BUFX4_1058/A
    984.5 ps            _5608__bF_buf2:   BUFX4_1058/Y ->  AOI21X1_804/C
   1052.0 ps                   rd2_10_:  AOI21X1_804/Y ->   NOR2X1_762/B
   1115.5 ps                     _511_:   NOR2X1_762/Y -> AOI21X1_1659/C
   1370.6 ps              alu_srcB_10_: AOI21X1_1659/Y ->   XNOR2X1_33/B
   1643.6 ps                     _797_:   XNOR2X1_33/Y ->   NOR2X1_856/B
   1805.1 ps                    _1389_:   NOR2X1_856/Y -> AOI21X1_1724/B
   1983.4 ps                    _1392_: AOI21X1_1724/Y -> OAI21X1_1622/A
   2151.8 ps                    _1510_: OAI21X1_1622/Y -> AOI21X1_1745/C
   2321.4 ps                    _1513_: AOI21X1_1745/Y -> OAI21X1_1676/A
   2515.3 ps                     _611_: OAI21X1_1676/Y -> AOI21X1_1802/B
   2711.5 ps                     _669_: AOI21X1_1802/Y -> OAI21X1_1700/A
   2821.1 ps                     _686_: OAI21X1_1700/Y -> OAI21X1_1701/A
   2914.6 ps                     _687_: OAI21X1_1701/Y -> OAI21X1_1705/A
   3412.2 ps            alu_result_29_: OAI21X1_1705/Y ->    NOR3X1_27/A
   3636.0 ps                     _735_:    NOR3X1_27/Y ->  NAND3X1_206/C
   3754.9 ps                     _736_:  NAND3X1_206/Y ->    NOR3X1_31/C
   3855.9 ps                  alu_zero:    NOR3X1_31/Y -> NAND2X1_1048/A
   3940.0 ps                    _8146_: NAND2X1_1048/Y -> OAI21X1_1323/C
   4127.6 ps                     pcSrc: OAI21X1_1323/Y ->    BUFX4_681/A
   4328.0 ps             pcSrc_bF_buf3:    BUFX4_681/Y -> NAND2X1_1157/A
   4417.4 ps                     _378_: NAND2X1_1157/Y ->   OAI22X1_10/C
   4487.8 ps                pc_new_26_:   OAI22X1_10/Y ->     DFFSR_16/D

   setup at destination = 85.8221

Path input pin imData[18] to DFFSR_32/D delay 4573.46 ps
      0.0 ps                imData[18]:                ->    BUFX4_106/A
    116.9 ps  imData_18__hier0_bF_buf3:    BUFX4_106/Y ->   BUFX4_1001/A
    290.7 ps       imData_18_bF_buf41_:   BUFX4_1001/Y ->     INVX8_13/A
    377.4 ps                    _5604_:     INVX8_13/Y ->    BUFX4_404/A
    542.5 ps            _5604__bF_buf0:    BUFX4_404/Y ->   NAND3X1_79/A
    659.8 ps                    _5607_:   NAND3X1_79/Y ->    NOR2X1_55/B
    827.0 ps                    _5608_:    NOR2X1_55/Y ->   BUFX4_1058/A
    984.5 ps            _5608__bF_buf2:   BUFX4_1058/Y ->  AOI21X1_804/C
   1052.0 ps                   rd2_10_:  AOI21X1_804/Y ->   NOR2X1_762/B
   1115.5 ps                     _511_:   NOR2X1_762/Y -> AOI21X1_1659/C
   1370.6 ps              alu_srcB_10_: AOI21X1_1659/Y ->   XNOR2X1_33/B
   1643.6 ps                     _797_:   XNOR2X1_33/Y ->   NOR2X1_856/B
   1805.1 ps                    _1389_:   NOR2X1_856/Y -> AOI21X1_1724/B
   1983.4 ps                    _1392_: AOI21X1_1724/Y -> OAI21X1_1622/A
   2151.8 ps                    _1510_: OAI21X1_1622/Y -> AOI21X1_1745/C
   2321.4 ps                    _1513_: AOI21X1_1745/Y -> OAI21X1_1676/A
   2515.3 ps                     _611_: OAI21X1_1676/Y -> AOI21X1_1802/B
   2711.5 ps                     _669_: AOI21X1_1802/Y -> OAI21X1_1700/A
   2821.1 ps                     _686_: OAI21X1_1700/Y -> OAI21X1_1701/A
   2914.6 ps                     _687_: OAI21X1_1701/Y -> OAI21X1_1705/A
   3412.2 ps            alu_result_29_: OAI21X1_1705/Y ->    NOR3X1_27/A
   3636.0 ps                     _735_:    NOR3X1_27/Y ->  NAND3X1_206/C
   3754.9 ps                     _736_:  NAND3X1_206/Y ->    NOR3X1_31/C
   3855.9 ps                  alu_zero:    NOR3X1_31/Y -> NAND2X1_1048/A
   3940.0 ps                    _8146_: NAND2X1_1048/Y -> OAI21X1_1323/C
   4127.6 ps                     pcSrc: OAI21X1_1323/Y ->    BUFX4_682/A
   4329.0 ps             pcSrc_bF_buf2:    BUFX4_682/Y -> OAI21X1_1351/C
   4414.1 ps                     _139_: OAI21X1_1351/Y ->    OAI22X1_3/D
   4483.6 ps                pc_new_10_:    OAI22X1_3/Y ->     DFFSR_32/D

   setup at destination = 89.8066

Path input pin imData[18] to DFFSR_4/D delay 4571.64 ps
      0.0 ps                imData[18]:                ->    BUFX4_106/A
    116.9 ps  imData_18__hier0_bF_buf3:    BUFX4_106/Y ->   BUFX4_1001/A
    290.7 ps       imData_18_bF_buf41_:   BUFX4_1001/Y ->     INVX8_13/A
    377.4 ps                    _5604_:     INVX8_13/Y ->    BUFX4_404/A
    542.5 ps            _5604__bF_buf0:    BUFX4_404/Y ->   NAND3X1_79/A
    659.8 ps                    _5607_:   NAND3X1_79/Y ->    NOR2X1_55/B
    827.0 ps                    _5608_:    NOR2X1_55/Y ->   BUFX4_1058/A
    984.5 ps            _5608__bF_buf2:   BUFX4_1058/Y ->  AOI21X1_804/C
   1052.0 ps                   rd2_10_:  AOI21X1_804/Y ->   NOR2X1_762/B
   1115.5 ps                     _511_:   NOR2X1_762/Y -> AOI21X1_1659/C
   1370.6 ps              alu_srcB_10_: AOI21X1_1659/Y ->   XNOR2X1_33/B
   1643.6 ps                     _797_:   XNOR2X1_33/Y ->   NOR2X1_856/B
   1805.1 ps                    _1389_:   NOR2X1_856/Y -> AOI21X1_1724/B
   1983.4 ps                    _1392_: AOI21X1_1724/Y -> OAI21X1_1622/A
   2151.8 ps                    _1510_: OAI21X1_1622/Y -> AOI21X1_1745/C
   2321.4 ps                    _1513_: AOI21X1_1745/Y -> OAI21X1_1676/A
   2515.3 ps                     _611_: OAI21X1_1676/Y -> AOI21X1_1802/B
   2711.5 ps                     _669_: AOI21X1_1802/Y -> OAI21X1_1700/A
   2821.1 ps                     _686_: OAI21X1_1700/Y -> OAI21X1_1701/A
   2914.6 ps                     _687_: OAI21X1_1701/Y -> OAI21X1_1705/A
   3412.2 ps            alu_result_29_: OAI21X1_1705/Y ->    NOR3X1_27/A
   3636.0 ps                     _735_:    NOR3X1_27/Y ->  NAND3X1_206/C
   3754.9 ps                     _736_:  NAND3X1_206/Y ->    NOR3X1_31/C
   3855.9 ps                  alu_zero:    NOR3X1_31/Y -> NAND2X1_1048/A
   3940.0 ps                    _8146_: NAND2X1_1048/Y -> OAI21X1_1323/C
   4127.6 ps                     pcSrc: OAI21X1_1323/Y ->    BUFX4_683/A
   4326.7 ps             pcSrc_bF_buf1:    BUFX4_683/Y -> NAND2X1_1107/A
   4415.5 ps                     _202_: NAND2X1_1107/Y ->    OAI22X1_5/C
   4485.9 ps                pc_new_14_:    OAI22X1_5/Y ->      DFFSR_4/D

   setup at destination = 85.7819

Path input pin imData[18] to DFFSR_28/D delay 4566.02 ps
      0.0 ps                imData[18]:                ->    BUFX4_106/A
    116.9 ps  imData_18__hier0_bF_buf3:    BUFX4_106/Y ->   BUFX4_1001/A
    290.7 ps       imData_18_bF_buf41_:   BUFX4_1001/Y ->     INVX8_13/A
    377.4 ps                    _5604_:     INVX8_13/Y ->    BUFX4_404/A
    542.5 ps            _5604__bF_buf0:    BUFX4_404/Y ->   NAND3X1_79/A
    659.8 ps                    _5607_:   NAND3X1_79/Y ->    NOR2X1_55/B
    827.0 ps                    _5608_:    NOR2X1_55/Y ->   BUFX4_1058/A
    984.5 ps            _5608__bF_buf2:   BUFX4_1058/Y ->  AOI21X1_804/C
   1052.0 ps                   rd2_10_:  AOI21X1_804/Y ->   NOR2X1_762/B
   1115.5 ps                     _511_:   NOR2X1_762/Y -> AOI21X1_1659/C
   1370.6 ps              alu_srcB_10_: AOI21X1_1659/Y ->   XNOR2X1_33/B
   1643.6 ps                     _797_:   XNOR2X1_33/Y ->   NOR2X1_856/B
   1805.1 ps                    _1389_:   NOR2X1_856/Y -> AOI21X1_1724/B
   1983.4 ps                    _1392_: AOI21X1_1724/Y -> OAI21X1_1622/A
   2151.8 ps                    _1510_: OAI21X1_1622/Y -> AOI21X1_1745/C
   2321.4 ps                    _1513_: AOI21X1_1745/Y -> OAI21X1_1676/A
   2515.3 ps                     _611_: OAI21X1_1676/Y -> AOI21X1_1802/B
   2711.5 ps                     _669_: AOI21X1_1802/Y -> OAI21X1_1700/A
   2821.1 ps                     _686_: OAI21X1_1700/Y -> OAI21X1_1701/A
   2914.6 ps                     _687_: OAI21X1_1701/Y -> OAI21X1_1705/A
   3412.2 ps            alu_result_29_: OAI21X1_1705/Y ->    NOR3X1_27/A
   3636.0 ps                     _735_:    NOR3X1_27/Y ->  NAND3X1_206/C
   3754.9 ps                     _736_:  NAND3X1_206/Y ->    NOR3X1_31/C
   3855.9 ps                  alu_zero:    NOR3X1_31/Y -> NAND2X1_1048/A
   3940.0 ps                    _8146_: NAND2X1_1048/Y -> OAI21X1_1323/C
   4127.6 ps                     pcSrc: OAI21X1_1323/Y ->    BUFX4_683/A
   4326.7 ps             pcSrc_bF_buf1:    BUFX4_683/Y -> OAI21X1_1340/C
   4408.7 ps                      _75_: OAI21X1_1340/Y ->    OAI22X1_1/C
   4479.6 ps                 pc_new_6_:    OAI22X1_1/Y ->     DFFSR_28/D

   setup at destination = 86.3908

-----------------------------------------

Number of paths analyzed:  2176

Top 20 minimum delay paths:
Path input pin rst_n to DFFSR_8/R delay 143.254 ps
      0.0 ps          rst_n:             -> BUFX4_197/A
    131.1 ps  rst_n_bF_buf0: BUFX4_197/Y ->   DFFSR_8/R

   hold at destination = 12.1615

Path input pin rst_n to DFFSR_7/R delay 143.254 ps
      0.0 ps          rst_n:             -> BUFX4_197/A
    131.1 ps  rst_n_bF_buf0: BUFX4_197/Y ->   DFFSR_7/R

   hold at destination = 12.1615

Path input pin rst_n to DFFSR_6/R delay 143.254 ps
      0.0 ps          rst_n:             -> BUFX4_197/A
    131.1 ps  rst_n_bF_buf0: BUFX4_197/Y ->   DFFSR_6/R

   hold at destination = 12.1615

Path input pin rst_n to DFFSR_5/R delay 143.254 ps
      0.0 ps          rst_n:             -> BUFX4_197/A
    131.1 ps  rst_n_bF_buf0: BUFX4_197/Y ->   DFFSR_5/R

   hold at destination = 12.1615

Path input pin rst_n to DFFSR_4/R delay 143.254 ps
      0.0 ps          rst_n:             -> BUFX4_197/A
    131.1 ps  rst_n_bF_buf0: BUFX4_197/Y ->   DFFSR_4/R

   hold at destination = 12.1615

Path input pin rst_n to DFFSR_3/R delay 143.254 ps
      0.0 ps          rst_n:             -> BUFX4_197/A
    131.1 ps  rst_n_bF_buf0: BUFX4_197/Y ->   DFFSR_3/R

   hold at destination = 12.1615

Path input pin rst_n to DFFSR_21/R delay 143.254 ps
      0.0 ps          rst_n:             -> BUFX4_196/A
    131.1 ps  rst_n_bF_buf1: BUFX4_196/Y ->  DFFSR_21/R

   hold at destination = 12.1615

Path input pin rst_n to DFFSR_13/R delay 143.254 ps
      0.0 ps          rst_n:             -> BUFX4_196/A
    131.1 ps  rst_n_bF_buf1: BUFX4_196/Y ->  DFFSR_13/R

   hold at destination = 12.1615

Path input pin rst_n to DFFSR_12/R delay 143.254 ps
      0.0 ps          rst_n:             -> BUFX4_196/A
    131.1 ps  rst_n_bF_buf1: BUFX4_196/Y ->  DFFSR_12/R

   hold at destination = 12.1615

Path input pin rst_n to DFFSR_11/R delay 143.254 ps
      0.0 ps          rst_n:             -> BUFX4_196/A
    131.1 ps  rst_n_bF_buf1: BUFX4_196/Y ->  DFFSR_11/R

   hold at destination = 12.1615

Path input pin rst_n to DFFSR_10/R delay 143.254 ps
      0.0 ps          rst_n:             -> BUFX4_196/A
    131.1 ps  rst_n_bF_buf1: BUFX4_196/Y ->  DFFSR_10/R

   hold at destination = 12.1615

Path input pin rst_n to DFFSR_9/R delay 143.254 ps
      0.0 ps          rst_n:             -> BUFX4_196/A
    131.1 ps  rst_n_bF_buf1: BUFX4_196/Y ->   DFFSR_9/R

   hold at destination = 12.1615

Path input pin rst_n to DFFSR_29/R delay 143.254 ps
      0.0 ps          rst_n:             -> BUFX4_195/A
    131.1 ps  rst_n_bF_buf2: BUFX4_195/Y ->  DFFSR_29/R

   hold at destination = 12.1615

Path input pin rst_n to DFFSR_28/R delay 143.254 ps
      0.0 ps          rst_n:             -> BUFX4_195/A
    131.1 ps  rst_n_bF_buf2: BUFX4_195/Y ->  DFFSR_28/R

   hold at destination = 12.1615

Path input pin rst_n to DFFSR_27/R delay 143.254 ps
      0.0 ps          rst_n:             -> BUFX4_195/A
    131.1 ps  rst_n_bF_buf2: BUFX4_195/Y ->  DFFSR_27/R

   hold at destination = 12.1615

Path input pin rst_n to DFFSR_25/R delay 143.254 ps
      0.0 ps          rst_n:             -> BUFX4_195/A
    131.1 ps  rst_n_bF_buf2: BUFX4_195/Y ->  DFFSR_25/R

   hold at destination = 12.1615

Path input pin rst_n to DFFSR_24/R delay 143.254 ps
      0.0 ps          rst_n:             -> BUFX4_195/A
    131.1 ps  rst_n_bF_buf2: BUFX4_195/Y ->  DFFSR_24/R

   hold at destination = 12.1615

Path input pin rst_n to DFFSR_2/R delay 143.254 ps
      0.0 ps          rst_n:             -> BUFX4_195/A
    131.1 ps  rst_n_bF_buf2: BUFX4_195/Y ->   DFFSR_2/R

   hold at destination = 12.1615

Path input pin imData[0] to DFFSR_22/D delay 147.198 ps
      0.0 ps  imData[0]:                -> AOI21X1_1587/A
     74.4 ps        _1_: AOI21X1_1587/Y -> AOI21X1_1588/C
    123.1 ps  pc_new_0_: AOI21X1_1588/Y ->     DFFSR_22/D

   hold at destination = 24.1466

Path input pin rst_n to DFFSR_32/R delay 152.383 ps
      0.0 ps          rst_n:             -> BUFX4_194/A
    140.1 ps  rst_n_bF_buf3: BUFX4_194/Y ->  DFFSR_32/R

   hold at destination = 12.2596

-----------------------------------------

