
Subcircuit pins:
Circuit 1: BUFX4                           |Circuit 2: BUFX4                           
-------------------------------------------|-------------------------------------------
A                                          |A                                          
gnd                                        |gnd                                        
Y                                          |Y                                          
vdd                                        |vdd                                        
---------------------------------------------------------------------------------------
Cell pin lists are equivalent.
Device classes BUFX4 and BUFX4 are equivalent.

Subcircuit pins:
Circuit 1: NAND2X1                         |Circuit 2: NAND2X1                         
-------------------------------------------|-------------------------------------------
A                                          |A                                          
B                                          |B                                          
gnd                                        |gnd                                        
Y                                          |Y                                          
vdd                                        |vdd                                        
---------------------------------------------------------------------------------------
Cell pin lists are equivalent.
Device classes NAND2X1 and NAND2X1 are equivalent.

Subcircuit pins:
Circuit 1: AOI21X1                         |Circuit 2: AOI21X1                         
-------------------------------------------|-------------------------------------------
A                                          |A                                          
B                                          |B                                          
C                                          |C                                          
gnd                                        |gnd                                        
Y                                          |Y                                          
vdd                                        |vdd                                        
---------------------------------------------------------------------------------------
Cell pin lists are equivalent.
Device classes AOI21X1 and AOI21X1 are equivalent.

Subcircuit pins:
Circuit 1: MUX2X1                          |Circuit 2: MUX2X1                          
-------------------------------------------|-------------------------------------------
A                                          |A                                          
B                                          |B                                          
S                                          |S                                          
gnd                                        |gnd                                        
Y                                          |Y                                          
vdd                                        |vdd                                        
---------------------------------------------------------------------------------------
Cell pin lists are equivalent.
Device classes MUX2X1 and MUX2X1 are equivalent.

Subcircuit pins:
Circuit 1: OAI21X1                         |Circuit 2: OAI21X1                         
-------------------------------------------|-------------------------------------------
A                                          |A                                          
B                                          |B                                          
C                                          |C                                          
gnd                                        |gnd                                        
Y                                          |Y                                          
vdd                                        |vdd                                        
---------------------------------------------------------------------------------------
Cell pin lists are equivalent.
Device classes OAI21X1 and OAI21X1 are equivalent.

Subcircuit pins:
Circuit 1: AND2X2                          |Circuit 2: AND2X2                          
-------------------------------------------|-------------------------------------------
A                                          |A                                          
B                                          |B                                          
gnd                                        |gnd                                        
Y                                          |Y                                          
vdd                                        |vdd                                        
---------------------------------------------------------------------------------------
Cell pin lists are equivalent.
Device classes AND2X2 and AND2X2 are equivalent.

Subcircuit pins:
Circuit 1: NOR2X1                          |Circuit 2: NOR2X1                          
-------------------------------------------|-------------------------------------------
A                                          |A                                          
B                                          |B                                          
gnd                                        |gnd                                        
Y                                          |Y                                          
vdd                                        |vdd                                        
---------------------------------------------------------------------------------------
Cell pin lists are equivalent.
Device classes NOR2X1 and NOR2X1 are equivalent.

Subcircuit pins:
Circuit 1: DFFSR                           |Circuit 2: DFFSR                           
-------------------------------------------|-------------------------------------------
Q                                          |Q                                          
CLK                                        |CLK                                        
R                                          |R                                          
S                                          |S                                          
D                                          |D                                          
gnd                                        |gnd                                        
vdd                                        |vdd                                        
---------------------------------------------------------------------------------------
Cell pin lists are equivalent.
Device classes DFFSR and DFFSR are equivalent.

Subcircuit pins:
Circuit 1: DFFPOSX1                        |Circuit 2: DFFPOSX1                        
-------------------------------------------|-------------------------------------------
Q                                          |Q                                          
CLK                                        |CLK                                        
D                                          |D                                          
gnd                                        |gnd                                        
vdd                                        |vdd                                        
---------------------------------------------------------------------------------------
Cell pin lists are equivalent.
Device classes DFFPOSX1 and DFFPOSX1 are equivalent.

Subcircuit pins:
Circuit 1: INVX1                           |Circuit 2: INVX1                           
-------------------------------------------|-------------------------------------------
A                                          |A                                          
gnd                                        |gnd                                        
Y                                          |Y                                          
vdd                                        |vdd                                        
---------------------------------------------------------------------------------------
Cell pin lists are equivalent.
Device classes INVX1 and INVX1 are equivalent.

Subcircuit pins:
Circuit 1: NAND3X1                         |Circuit 2: NAND3X1                         
-------------------------------------------|-------------------------------------------
A                                          |A                                          
B                                          |B                                          
C                                          |C                                          
gnd                                        |gnd                                        
Y                                          |Y                                          
vdd                                        |vdd                                        
---------------------------------------------------------------------------------------
Cell pin lists are equivalent.
Device classes NAND3X1 and NAND3X1 are equivalent.

Subcircuit pins:
Circuit 1: OAI22X1                         |Circuit 2: OAI22X1                         
-------------------------------------------|-------------------------------------------
A                                          |A                                          
B                                          |B                                          
C                                          |C                                          
D                                          |D                                          
gnd                                        |gnd                                        
Y                                          |Y                                          
vdd                                        |vdd                                        
---------------------------------------------------------------------------------------
Cell pin lists are equivalent.
Device classes OAI22X1 and OAI22X1 are equivalent.

Subcircuit pins:
Circuit 1: INVX2                           |Circuit 2: INVX2                           
-------------------------------------------|-------------------------------------------
A                                          |A                                          
gnd                                        |gnd                                        
Y                                          |Y                                          
vdd                                        |vdd                                        
---------------------------------------------------------------------------------------
Cell pin lists are equivalent.
Device classes INVX2 and INVX2 are equivalent.

Subcircuit pins:
Circuit 1: OR2X2                           |Circuit 2: OR2X2                           
-------------------------------------------|-------------------------------------------
A                                          |A                                          
B                                          |B                                          
gnd                                        |gnd                                        
Y                                          |Y                                          
vdd                                        |vdd                                        
---------------------------------------------------------------------------------------
Cell pin lists are equivalent.
Device classes OR2X2 and OR2X2 are equivalent.

Subcircuit pins:
Circuit 1: XNOR2X1                         |Circuit 2: XNOR2X1                         
-------------------------------------------|-------------------------------------------
A                                          |A                                          
B                                          |B                                          
gnd                                        |gnd                                        
Y                                          |Y                                          
vdd                                        |vdd                                        
---------------------------------------------------------------------------------------
Cell pin lists are equivalent.
Device classes XNOR2X1 and XNOR2X1 are equivalent.

Subcircuit pins:
Circuit 1: INVX8                           |Circuit 2: INVX8                           
-------------------------------------------|-------------------------------------------
A                                          |A                                          
gnd                                        |gnd                                        
Y                                          |Y                                          
vdd                                        |vdd                                        
---------------------------------------------------------------------------------------
Cell pin lists are equivalent.
Device classes INVX8 and INVX8 are equivalent.

Subcircuit pins:
Circuit 1: AOI22X1                         |Circuit 2: AOI22X1                         
-------------------------------------------|-------------------------------------------
A                                          |A                                          
B                                          |B                                          
C                                          |C                                          
D                                          |D                                          
gnd                                        |gnd                                        
Y                                          |Y                                          
vdd                                        |vdd                                        
---------------------------------------------------------------------------------------
Cell pin lists are equivalent.
Device classes AOI22X1 and AOI22X1 are equivalent.

Subcircuit pins:
Circuit 1: NOR3X1                          |Circuit 2: NOR3X1                          
-------------------------------------------|-------------------------------------------
A                                          |A                                          
B                                          |B                                          
C                                          |C                                          
gnd                                        |gnd                                        
Y                                          |Y                                          
vdd                                        |vdd                                        
---------------------------------------------------------------------------------------
Cell pin lists are equivalent.
Device classes NOR3X1 and NOR3X1 are equivalent.

Subcircuit pins:
Circuit 1: CLKBUF1                         |Circuit 2: CLKBUF1                         
-------------------------------------------|-------------------------------------------
A                                          |A                                          
gnd                                        |gnd                                        
Y                                          |Y                                          
vdd                                        |vdd                                        
---------------------------------------------------------------------------------------
Cell pin lists are equivalent.
Device classes CLKBUF1 and CLKBUF1 are equivalent.

Subcircuit pins:
Circuit 1: XOR2X1                          |Circuit 2: XOR2X1                          
-------------------------------------------|-------------------------------------------
A                                          |A                                          
B                                          |B                                          
gnd                                        |gnd                                        
Y                                          |Y                                          
vdd                                        |vdd                                        
---------------------------------------------------------------------------------------
Cell pin lists are equivalent.
Device classes XOR2X1 and XOR2X1 are equivalent.

Subcircuit pins:
Circuit 1: INVX4                           |Circuit 2: INVX4                           
-------------------------------------------|-------------------------------------------
A                                          |A                                          
gnd                                        |gnd                                        
Y                                          |Y                                          
vdd                                        |vdd                                        
---------------------------------------------------------------------------------------
Cell pin lists are equivalent.
Device classes INVX4 and INVX4 are equivalent.

Subcircuit pins:
Circuit 1: BUFX2                           |Circuit 2: BUFX2                           
-------------------------------------------|-------------------------------------------
A                                          |A                                          
gnd                                        |gnd                                        
Y                                          |Y                                          
vdd                                        |vdd                                        
---------------------------------------------------------------------------------------
Cell pin lists are equivalent.
Device classes BUFX2 and BUFX2 are equivalent.

Subcircuit summary:
Circuit 1: sm_cpu                          |Circuit 2: sm_cpu                          
-------------------------------------------|-------------------------------------------
BUFX4 (1210)                               |BUFX4 (1210)                               
NAND2X1 (1365)                             |NAND2X1 (1365)                             
AOI21X1 (1816)                             |AOI21X1 (1816)                             
MUX2X1 (1579)                              |MUX2X1 (1579)                              
OAI21X1 (1716)                             |OAI21X1 (1716)                             
AND2X2 (55)                                |AND2X2 (55)                                
NOR2X1 (900)                               |NOR2X1 (900)                               
DFFSR (32)                                 |DFFSR (32)                                 
DFFPOSX1 (1024)                            |DFFPOSX1 (1024)                            
INVX1 (372)                                |INVX1 (372)                                
NAND3X1 (213)                              |NAND3X1 (213)                              
OAI22X1 (17)                               |OAI22X1 (17)                               
INVX2 (159)                                |INVX2 (159)                                
OR2X2 (41)                                 |OR2X2 (41)                                 
XNOR2X1 (41)                               |XNOR2X1 (41)                               
INVX8 (67)                                 |INVX8 (67)                                 
AOI22X1 (18)                               |AOI22X1 (18)                               
NOR3X1 (31)                                |NOR3X1 (31)                                
CLKBUF1 (103)                              |CLKBUF1 (103)                              
XOR2X1 (15)                                |XOR2X1 (15)                                
INVX4 (12)                                 |INVX4 (12)                                 
BUFX2 (64)                                 |BUFX2 (64)                                 
Number of devices: 10850                   |Number of devices: 10850                   
Number of nets: 10891                      |Number of nets: 10891                      
---------------------------------------------------------------------------------------
Circuits match uniquely.
Netlists match uniquely.

Subcircuit pins:
Circuit 1: sm_cpu                          |Circuit 2: sm_cpu                          
-------------------------------------------|-------------------------------------------
imData[30]                                 |imData[30]                                 
imData[31]                                 |imData[31]                                 
imData[12]                                 |imData[12]                                 
imAddr[17]                                 |imAddr[17]                                 
imAddr[25]                                 |imAddr[25]                                 
imAddr[7]                                  |imAddr[7]                                  
imAddr[23]                                 |imAddr[23]                                 
imAddr[11]                                 |imAddr[11]                                 
imAddr[4]                                  |imAddr[4]                                  
imAddr[21]                                 |imAddr[21]                                 
imAddr[10]                                 |imAddr[10]                                 
imAddr[2]                                  |imAddr[2]                                  
imAddr[27]                                 |imAddr[27]                                 
imAddr[18]                                 |imAddr[18]                                 
imAddr[28]                                 |imAddr[28]                                 
imAddr[26]                                 |imAddr[26]                                 
imAddr[15]                                 |imAddr[15]                                 
imAddr[6]                                  |imAddr[6]                                  
imAddr[5]                                  |imAddr[5]                                  
imAddr[22]                                 |imAddr[22]                                 
imAddr[3]                                  |imAddr[3]                                  
imAddr[9]                                  |imAddr[9]                                  
imAddr[19]                                 |imAddr[19]                                 
imAddr[1]                                  |imAddr[1]                                  
imAddr[0]                                  |imAddr[0]                                  
imAddr[16]                                 |imAddr[16]                                 
imAddr[8]                                  |imAddr[8]                                  
imAddr[14]                                 |imAddr[14]                                 
imAddr[24]                                 |imAddr[24]                                 
imAddr[13]                                 |imAddr[13]                                 
imAddr[12]                                 |imAddr[12]                                 
imAddr[31]                                 |imAddr[31]                                 
imAddr[20]                                 |imAddr[20]                                 
imAddr[30]                                 |imAddr[30]                                 
imAddr[29]                                 |imAddr[29]                                 
regData[23]                                |regData[23]                                
regData[31]                                |regData[31]                                
regData[29]                                |regData[29]                                
regData[1]                                 |regData[1]                                 
regData[2]                                 |regData[2]                                 
regData[3]                                 |regData[3]                                 
regData[4]                                 |regData[4]                                 
regData[5]                                 |regData[5]                                 
regData[7]                                 |regData[7]                                 
regData[9]                                 |regData[9]                                 
regData[10]                                |regData[10]                                
regData[30]                                |regData[30]                                
regData[11]                                |regData[11]                                
regData[13]                                |regData[13]                                
regData[14]                                |regData[14]                                
regData[17]                                |regData[17]                                
regData[18]                                |regData[18]                                
regData[20]                                |regData[20]                                
regData[21]                                |regData[21]                                
regData[22]                                |regData[22]                                
regData[24]                                |regData[24]                                
regData[25]                                |regData[25]                                
regData[26]                                |regData[26]                                
regData[0]                                 |regData[0]                                 
regData[6]                                 |regData[6]                                 
regData[8]                                 |regData[8]                                 
regData[12]                                |regData[12]                                
regData[15]                                |regData[15]                                
regData[16]                                |regData[16]                                
regData[19]                                |regData[19]                                
regData[27]                                |regData[27]                                
regData[28]                                |regData[28]                                
regAddr[2]                                 |regAddr[2]                                 
clk                                        |clk                                        
imData[29]                                 |imData[29]                                 
imData[2]                                  |imData[2]                                  
imData[1]                                  |imData[1]                                  
imData[4]                                  |imData[4]                                  
imData[28]                                 |imData[28]                                 
imData[26]                                 |imData[26]                                 
imData[27]                                 |imData[27]                                 
imData[5]                                  |imData[5]                                  
imData[11]                                 |imData[11]                                 
imData[23]                                 |imData[23]                                 
regAddr[1]                                 |regAddr[1]                                 
imData[22]                                 |imData[22]                                 
imData[17]                                 |imData[17]                                 
imData[18]                                 |imData[18]                                 
imData[0]                                  |imData[0]                                  
imData[10]                                 |imData[10]                                 
imData[21]                                 |imData[21]                                 
regAddr[0]                                 |regAddr[0]                                 
imData[16]                                 |imData[16]                                 
imData[6]                                  |imData[6]                                  
rst_n                                      |rst_n                                      
imData[25]                                 |imData[25]                                 
imData[7]                                  |imData[7]                                  
imData[15]                                 |imData[15]                                 
imData[9]                                  |imData[9]                                  
imData[8]                                  |imData[8]                                  
imData[20]                                 |imData[20]                                 
regAddr[4]                                 |regAddr[4]                                 
imData[3]                                  |imData[3]                                  
regAddr[3]                                 |regAddr[3]                                 
imData[19]                                 |imData[19]                                 
imData[24]                                 |imData[24]                                 
imData[13]                                 |imData[13]                                 
imData[14]                                 |imData[14]                                 
vdd                                        |vdd                                        
gnd                                        |gnd                                        
---------------------------------------------------------------------------------------
Cell pin lists are equivalent.
Device classes sm_cpu and sm_cpu are equivalent.
Circuits match uniquely.
