247 nets failed to route:
 _2648__bF$buf20
 imData[17_bF$buf10]
 _5388_
 rf.rf[1][20]
 rf.rf[22][25]
 rf.rf[30][7]
 _4174_
 imData[16_bF$buf14]
 rf.rf[20][6]
 _5144_
 imData[16_bF$buf9]
 regAddr[4_bF$buf0]
 _4337__bF$buf44
 _5480_
 imData[16_bF$buf1]
 _4779_
 imData[17]
 rf.rf[28][3]
 _4547_
 regAddr[1_bF$buf24]
 _7699__bF$buf3
 _3102_
 imData[16_bF$buf12]
 regAddr[0_bF$buf9]
 _3115_
 _7720__bF$buf4
 rf.rf[4][26]
 _4332__bF$buf6
 _5829_
 regAddr[2_bF$buf10]
 _8593__bF$buf0
 _2645__bF$buf2
 imData[16_bF$buf54]
 rf.rf[25][25]
 imData[16_bF$buf10]
 imData[23_bF$buf30]
 imData[23_bF$buf7]
 _5400_
 _5136_
 rf.rf[30][30]
 _4226_
 regAddr[4_bF$buf1]
 _7755__bF$buf6
 _2653__bF$buf7
 _4233_
 imData[16_bF$buf3]
 imData[23_bF$buf11]
 _3893_
 imData[16_bF$buf30]
 rf.rf[15][23]
 imData[18_bF$buf15]
 _6696_
 rd0[27]
 _7712__bF$buf2
 _4151_
 imData[18_bF$buf16]
 _2641__bF$buf2
 imData[23_bF$buf36]
 _6020__bF$buf4
 _4953_
 imData[25_bF$buf4]
 regAddr[4_bF$buf4]
 regAddr[2_bF$buf14_bF$buf3]
 imData[18_bF$buf28]
 _3305_
 imData[21_bF$buf53]
 imData[22_bF$buf1]
 _3788_
 _3789_
 imData[16_bF$buf50]
 imData[21_bF$buf0]
 _2653_
 _8460_
 _2513_
 rd0[24]
 _7720__bF$buf6
 _3702_
 _7473_
 imData[21_bF$buf5]
 regAddr[2_bF$buf3]
 imData[17_bF$buf12]
 _5659_
 regAddr[2_bF$buf4]
 _8661__bF$buf4
 _7431_
 _3705_
 imData[17_bF$buf19]
 _8226__bF$buf4
 _6800_
 imData[18_bF$buf5]
 _7754__bF$buf2
 _7687__bF$buf3
 _5832_
 imData[19_bF$buf5]
 imData[18_bF$buf4]
 _7070_
 _4053_
 rf.rf[29][0]
 regAddr[2_bF$buf9]
 _8461__bF$buf4
 _6014__bF$buf1
 _8593__bF$buf4
 _7721__bF$buf0
 _6020__bF$buf5
 _3966_
 imData[20_bF$buf2]
 _2643_
 alu.result[29]
 _4365__bF$buf4
 clk_bF$buf82
 rf.rf[28][2]
 imData[23_bF$buf31]
 alu.result[21]
 rf.rf[22][24]
 _7211_
 _6594_
 imData[18_bF$buf6]
 _2641__bF$buf3
 imData[21_bF$buf18]
 _4331__bF$buf1
 _2802_
 imData[21_bF$buf24]
 imData[22_bF$buf34]
 regAddr[0_bF$buf14]
 rf.rf[16][11]
 _5737_
 imData[17_bF$buf6]
 regAddr[1_bF$buf48]
 imData[18_bF$buf24]
 _4365__bF$buf0
 alu.result[31]
 _6859_
 imData[17_bF$buf9]
 _6010__bF$buf0
 regAddr[1_bF$buf11]
 _5182_
 _5166_
 _5884_
 regAddr[1_bF$buf19]
 _4188_
 imData[16_bF$buf52]
 rd2[8]
 imData[24_bF$buf1]
 regAddr[2_bF$buf5]
 alu.result[30]
 imData[16_bF$buf13]
 imData[22_bF$buf14]
 imData[18_bF$buf7]
 _2642__bF$buf10
 regAddr[1_bF$buf16]
 _4166_
 _6016__bF$buf19
 _6016__bF$buf44
 imData[23_bF$buf34]
 rf.rf[3][29]
 imData[23_bF$buf35]
 _8527__bF$buf7
 rf.rf[28][0]
 _2481_
 _3307_
 _8393__bF$buf0
 _4285_
 regAddr[2_bF$buf12_bF$buf3]
 imData[17_bF$buf1]
 imData[18_bF$buf32]
 _6010_
 rf.rf[0][15]
 regAddr[0]_hier0_bF$buf5
 alu.srcA[29]
 imData[21_bF$buf15]
 rf.rf[29][20]
 imData[24_bF$buf0]
 regAddr[1_bF$buf8]
 regAddr[0_bF$buf2]
 _5938_
 _7713_
 _5221_
 regAddr[2_bF$buf13_bF$buf0]
 regAddr[3_bF$buf0]
 imData[21_bF$buf35]
 alu.result[0]
 imData[23_bF$buf22]
 imData[22_bF$buf2]
 imData[20_bF$buf1]
 _2643__bF$buf2
 imData[22_bF$buf13]
 imData[17_bF$buf3]
 regAddr[2_bF$buf13_bF$buf2]
 _5606_
 _7657__bF$buf4
 _7253_
 _6362_
 _5896_
 _6011__bF$buf7
 imData[18_bF$buf2]
 _4333__bF$buf7
 _2641__bF$buf1
 rf.rf[28][17]
 _3125_
 _7611__bF$buf1
 imData[18_bF$buf29]
 imData[16_bF$buf24]
 _6016__bF$buf3
 imData[23_bF$buf21]
 regAddr[0_bF$buf12]
 _7344_
 _6016__bF$buf6
 imData[16]
 _7619_
 _5863_
 _7498_
 imData[16_bF$buf20]
 regAddr[4_bF$buf2]
 _7754__bF$buf8
 regAddr[0_bF$buf8]
 clk_bF$buf92
 _4337__bF$buf35
 rf.rf[6][26]
 rf.rf[6][8]
 imData[22_bF$buf8]
 _6562_
 _6825_
 regAddr[1_bF$buf12]
 _7043_
 _4943_
 _5174_
 imData[17_bF$buf27]
 _6010__bF$buf7
 _7520_
 _1838_
 rf.rf[23][2]
 imData[22_bF$buf19]
 _4979_
 _7755_
 imData[20_bF$buf0]
 imData[23_bF$buf10]
 regAddr[0_bF$buf0]
 imData[18_bF$buf3]
 _6009__bF$buf1
 imData[23_bF$buf27]
 regAddr[2_bF$buf7]
 alu.result[2]
 _5660_
 _6020__bF$buf6
 imData[25_bF$buf1]
 imData[18_bF$buf37]
 _7755__bF$buf7
